CRITICAL - 2023-05-16 00:46:00 --> date() expects at most 2 arguments, 3 given
in APPPATH/Controllers/Post_Comment.php on line 36.
 1 APPPATH/Controllers/Post_Comment.php(36): date()
 2 SYSTEMPATH/CodeIgniter.php(934): App\Controllers\Post_Comment->insert_comment()
 3 SYSTEMPATH/CodeIgniter.php(499): CodeIgniter\CodeIgniter->runController()
 4 SYSTEMPATH/CodeIgniter.php(368): CodeIgniter\CodeIgniter->handleRequest()
 5 FCPATH/index.php(67): CodeIgniter\CodeIgniter->run()
CRITICAL - 2023-05-16 00:49:02 --> Undefined array key "time_zone"
in APPPATH/Controllers/Post_Comment.php on line 38.
 1 APPPATH/Controllers/Post_Comment.php(38): CodeIgniter\Debug\Exceptions->errorHandler()
 2 SYSTEMPATH/CodeIgniter.php(934): App\Controllers\Post_Comment->insert_comment()
 3 SYSTEMPATH/CodeIgniter.php(499): CodeIgniter\CodeIgniter->runController()
 4 SYSTEMPATH/CodeIgniter.php(368): CodeIgniter\CodeIgniter->handleRequest()
 5 FCPATH/index.php(67): CodeIgniter\CodeIgniter->run()
CRITICAL - 2023-05-16 00:50:50 --> Undefined array key "time_zone"
in APPPATH/Controllers/Post_Comment.php on line 38.
 1 APPPATH/Controllers/Post_Comment.php(38): CodeIgniter\Debug\Exceptions->errorHandler()
 2 SYSTEMPATH/CodeIgniter.php(934): App\Controllers\Post_Comment->insert_comment()
 3 SYSTEMPATH/CodeIgniter.php(499): CodeIgniter\CodeIgniter->runController()
 4 SYSTEMPATH/CodeIgniter.php(368): CodeIgniter\CodeIgniter->handleRequest()
 5 FCPATH/index.php(67): CodeIgniter\CodeIgniter->run()
CRITICAL - 2023-05-16 00:51:56 --> Undefined array key "time_zone"
in APPPATH/Controllers/Post_Comment.php on line 38.
 1 APPPATH/Controllers/Post_Comment.php(38): CodeIgniter\Debug\Exceptions->errorHandler()
 2 SYSTEMPATH/CodeIgniter.php(934): App\Controllers\Post_Comment->insert_comment()
 3 SYSTEMPATH/CodeIgniter.php(499): CodeIgniter\CodeIgniter->runController()
 4 SYSTEMPATH/CodeIgniter.php(368): CodeIgniter\CodeIgniter->handleRequest()
 5 FCPATH/index.php(67): CodeIgniter\CodeIgniter->run()
