CRITICAL - 2023-05-02 00:36:27 --> Call to a member function resize() on string
in APPPATH/Controllers/User_Images.php on line 21.
 1 SYSTEMPATH/CodeIgniter.php(934): App\Controllers\User_Images->index()
 2 SYSTEMPATH/CodeIgniter.php(499): CodeIgniter\CodeIgniter->runController()
 3 SYSTEMPATH/CodeIgniter.php(368): CodeIgniter\CodeIgniter->handleRequest()
 4 FCPATH/index.php(67): CodeIgniter\CodeIgniter->run()
CRITICAL - 2023-05-02 00:41:01 --> Call to a member function resize() on string
in APPPATH/Controllers/User_Images.php on line 21.
 1 SYSTEMPATH/CodeIgniter.php(934): App\Controllers\User_Images->index()
 2 SYSTEMPATH/CodeIgniter.php(499): CodeIgniter\CodeIgniter->runController()
 3 SYSTEMPATH/CodeIgniter.php(368): CodeIgniter\CodeIgniter->handleRequest()
 4 FCPATH/index.php(67): CodeIgniter\CodeIgniter->run()
CRITICAL - 2023-05-02 00:41:13 --> Call to a member function resize() on string
in APPPATH/Controllers/User_Images.php on line 21.
 1 SYSTEMPATH/CodeIgniter.php(934): App\Controllers\User_Images->index()
 2 SYSTEMPATH/CodeIgniter.php(499): CodeIgniter\CodeIgniter->runController()
 3 SYSTEMPATH/CodeIgniter.php(368): CodeIgniter\CodeIgniter->handleRequest()
 4 FCPATH/index.php(67): CodeIgniter\CodeIgniter->run()
CRITICAL - 2023-05-02 08:17:39 --> Undefined variable $cookie_name
in APPPATH/Controllers/Login.php on line 63.
 1 APPPATH/Controllers/Login.php(63): CodeIgniter\Debug\Exceptions->errorHandler()
 2 SYSTEMPATH/CodeIgniter.php(934): App\Controllers\Login->check_login()
 3 SYSTEMPATH/CodeIgniter.php(499): CodeIgniter\CodeIgniter->runController()
 4 SYSTEMPATH/CodeIgniter.php(368): CodeIgniter\CodeIgniter->handleRequest()
 5 FCPATH/index.php(67): CodeIgniter\CodeIgniter->run()
CRITICAL - 2023-05-02 23:26:01 --> view(): Argument #2 ($data) must be of type array, string given, called in /var/www/htdocs/asm/app/Controllers/Create_Post.php on line 30
in SYSTEMPATH/Common.php on line 1172.
 1 APPPATH/Controllers/Create_Post.php(30): view()
 2 SYSTEMPATH/CodeIgniter.php(934): App\Controllers\Create_Post->insert_post()
 3 SYSTEMPATH/CodeIgniter.php(499): CodeIgniter\CodeIgniter->runController()
 4 SYSTEMPATH/CodeIgniter.php(368): CodeIgniter\CodeIgniter->handleRequest()
 5 FCPATH/index.php(67): CodeIgniter\CodeIgniter->run()
