ERROR - 2023-05-10 05:10:47 --> mysqli_sql_exception: Unknown column 'postID' in 'field list' in /var/www/htdocs/asm/system/Database/MySQLi/Connection.php:295
Stack trace:
#0 /var/www/htdocs/asm/system/Database/MySQLi/Connection.php(295): mysqli->query()
#1 /var/www/htdocs/asm/system/Database/BaseConnection.php(691): CodeIgniter\Database\MySQLi\Connection->execute()
#2 /var/www/htdocs/asm/system/Database/BaseConnection.php(605): CodeIgniter\Database\BaseConnection->simpleQuery()
#3 /var/www/htdocs/asm/system/Database/BaseBuilder.php(1616): CodeIgniter\Database\BaseConnection->query()
#4 /var/www/htdocs/asm/app/Models/Post_Comment_model.php(12): CodeIgniter\Database\BaseBuilder->get()
#5 /var/www/htdocs/asm/app/Controllers/Post_Comment.php(13): App\Models\Post_Comment_model->getFromPost()
#6 /var/www/htdocs/asm/system/CodeIgniter.php(934): App\Controllers\Post_Comment->index()
#7 /var/www/htdocs/asm/system/CodeIgniter.php(499): CodeIgniter\CodeIgniter->runController()
#8 /var/www/htdocs/asm/system/CodeIgniter.php(368): CodeIgniter\CodeIgniter->handleRequest()
#9 /var/www/htdocs/asm/public/index.php(67): CodeIgniter\CodeIgniter->run()
#10 {main}
CRITICAL - 2023-05-10 05:10:47 --> Unknown column 'postID' in 'field list'
in SYSTEMPATH/Database/BaseConnection.php on line 645.
 1 SYSTEMPATH/Database/BaseBuilder.php(1616): CodeIgniter\Database\BaseConnection->query()
 2 APPPATH/Models/Post_Comment_model.php(12): CodeIgniter\Database\BaseBuilder->get()
 3 APPPATH/Controllers/Post_Comment.php(13): App\Models\Post_Comment_model->getFromPost()
 4 SYSTEMPATH/CodeIgniter.php(934): App\Controllers\Post_Comment->index()
 5 SYSTEMPATH/CodeIgniter.php(499): CodeIgniter\CodeIgniter->runController()
 6 SYSTEMPATH/CodeIgniter.php(368): CodeIgniter\CodeIgniter->handleRequest()
 7 FCPATH/index.php(67): CodeIgniter\CodeIgniter->run()
CRITICAL - 2023-05-10 05:11:50 --> Undefined array key "postID"
in APPPATH/Views/post_comment.php on line 8.
 1 APPPATH/Views/post_comment.php(8): CodeIgniter\Debug\Exceptions->errorHandler()
 2 SYSTEMPATH/View/View.php(213): include('APPPATH/Views/post_comment.php')
 3 SYSTEMPATH/View/View.php(216): CodeIgniter\View\View->CodeIgniter\View\{closure}()
 4 SYSTEMPATH/Common.php(1184): CodeIgniter\View\View->render()
 5 APPPATH/Controllers/Post_Comment.php(18): view()
 6 SYSTEMPATH/CodeIgniter.php(934): App\Controllers\Post_Comment->index()
 7 SYSTEMPATH/CodeIgniter.php(499): CodeIgniter\CodeIgniter->runController()
 8 SYSTEMPATH/CodeIgniter.php(368): CodeIgniter\CodeIgniter->handleRequest()
 9 FCPATH/index.php(67): CodeIgniter\CodeIgniter->run()
CRITICAL - 2023-05-10 05:36:13 --> Undefined variable $query
in APPPATH/Models/Post_Comment_model.php on line 31.
 1 APPPATH/Models/Post_Comment_model.php(31): CodeIgniter\Debug\Exceptions->errorHandler()
 2 APPPATH/Controllers/Post_Comment.php(15): App\Models\Post_Comment_model->getFromComment()
 3 SYSTEMPATH/CodeIgniter.php(934): App\Controllers\Post_Comment->index()
 4 SYSTEMPATH/CodeIgniter.php(499): CodeIgniter\CodeIgniter->runController()
 5 SYSTEMPATH/CodeIgniter.php(368): CodeIgniter\CodeIgniter->handleRequest()
 6 FCPATH/index.php(67): CodeIgniter\CodeIgniter->run()
CRITICAL - 2023-05-10 05:36:48 --> Undefined property: CodeIgniter\View\View::$request
in APPPATH/Views/post_comment.php on line 23.
 1 APPPATH/Views/post_comment.php(23): CodeIgniter\Debug\Exceptions->errorHandler()
 2 SYSTEMPATH/View/View.php(213): include('APPPATH/Views/post_comment.php')
 3 SYSTEMPATH/View/View.php(216): CodeIgniter\View\View->CodeIgniter\View\{closure}()
 4 SYSTEMPATH/Common.php(1184): CodeIgniter\View\View->render()
 5 APPPATH/Controllers/Post_Comment.php(21): view()
 6 SYSTEMPATH/CodeIgniter.php(934): App\Controllers\Post_Comment->index()
 7 SYSTEMPATH/CodeIgniter.php(499): CodeIgniter\CodeIgniter->runController()
 8 SYSTEMPATH/CodeIgniter.php(368): CodeIgniter\CodeIgniter->handleRequest()
 9 FCPATH/index.php(67): CodeIgniter\CodeIgniter->run()
CRITICAL - 2023-05-10 05:39:24 --> Undefined property: CodeIgniter\View\View::$request
in APPPATH/Views/post_comment.php on line 23.
 1 APPPATH/Views/post_comment.php(23): CodeIgniter\Debug\Exceptions->errorHandler()
 2 SYSTEMPATH/View/View.php(213): include('APPPATH/Views/post_comment.php')
 3 SYSTEMPATH/View/View.php(216): CodeIgniter\View\View->CodeIgniter\View\{closure}()
 4 SYSTEMPATH/Common.php(1184): CodeIgniter\View\View->render()
 5 APPPATH/Controllers/Post_Comment.php(21): view()
 6 SYSTEMPATH/CodeIgniter.php(934): App\Controllers\Post_Comment->index()
 7 SYSTEMPATH/CodeIgniter.php(499): CodeIgniter\CodeIgniter->runController()
 8 SYSTEMPATH/CodeIgniter.php(368): CodeIgniter\CodeIgniter->handleRequest()
 9 FCPATH/index.php(67): CodeIgniter\CodeIgniter->run()
CRITICAL - 2023-05-10 05:39:25 --> Undefined property: CodeIgniter\View\View::$request
in APPPATH/Views/post_comment.php on line 23.
 1 APPPATH/Views/post_comment.php(23): CodeIgniter\Debug\Exceptions->errorHandler()
 2 SYSTEMPATH/View/View.php(213): include('APPPATH/Views/post_comment.php')
 3 SYSTEMPATH/View/View.php(216): CodeIgniter\View\View->CodeIgniter\View\{closure}()
 4 SYSTEMPATH/Common.php(1184): CodeIgniter\View\View->render()
 5 APPPATH/Controllers/Post_Comment.php(21): view()
 6 SYSTEMPATH/CodeIgniter.php(934): App\Controllers\Post_Comment->index()
 7 SYSTEMPATH/CodeIgniter.php(499): CodeIgniter\CodeIgniter->runController()
 8 SYSTEMPATH/CodeIgniter.php(368): CodeIgniter\CodeIgniter->handleRequest()
 9 FCPATH/index.php(67): CodeIgniter\CodeIgniter->run()
CRITICAL - 2023-05-10 05:41:15 --> Undefined property: CodeIgniter\View\View::$request
in APPPATH/Views/post_comment.php on line 23.
 1 APPPATH/Views/post_comment.php(23): CodeIgniter\Debug\Exceptions->errorHandler()
 2 SYSTEMPATH/View/View.php(213): include('APPPATH/Views/post_comment.php')
 3 SYSTEMPATH/View/View.php(216): CodeIgniter\View\View->CodeIgniter\View\{closure}()
 4 SYSTEMPATH/Common.php(1184): CodeIgniter\View\View->render()
 5 APPPATH/Controllers/Post_Comment.php(20): view()
 6 SYSTEMPATH/CodeIgniter.php(934): App\Controllers\Post_Comment->index()
 7 SYSTEMPATH/CodeIgniter.php(499): CodeIgniter\CodeIgniter->runController()
 8 SYSTEMPATH/CodeIgniter.php(368): CodeIgniter\CodeIgniter->handleRequest()
 9 FCPATH/index.php(67): CodeIgniter\CodeIgniter->run()
CRITICAL - 2023-05-10 05:41:17 --> Undefined property: CodeIgniter\View\View::$request
in APPPATH/Views/post_comment.php on line 23.
 1 APPPATH/Views/post_comment.php(23): CodeIgniter\Debug\Exceptions->errorHandler()
 2 SYSTEMPATH/View/View.php(213): include('APPPATH/Views/post_comment.php')
 3 SYSTEMPATH/View/View.php(216): CodeIgniter\View\View->CodeIgniter\View\{closure}()
 4 SYSTEMPATH/Common.php(1184): CodeIgniter\View\View->render()
 5 APPPATH/Controllers/Post_Comment.php(20): view()
 6 SYSTEMPATH/CodeIgniter.php(934): App\Controllers\Post_Comment->index()
 7 SYSTEMPATH/CodeIgniter.php(499): CodeIgniter\CodeIgniter->runController()
 8 SYSTEMPATH/CodeIgniter.php(368): CodeIgniter\CodeIgniter->handleRequest()
 9 FCPATH/index.php(67): CodeIgniter\CodeIgniter->run()
CRITICAL - 2023-05-10 05:41:17 --> Undefined property: CodeIgniter\View\View::$request
in APPPATH/Views/post_comment.php on line 23.
 1 APPPATH/Views/post_comment.php(23): CodeIgniter\Debug\Exceptions->errorHandler()
 2 SYSTEMPATH/View/View.php(213): include('APPPATH/Views/post_comment.php')
 3 SYSTEMPATH/View/View.php(216): CodeIgniter\View\View->CodeIgniter\View\{closure}()
 4 SYSTEMPATH/Common.php(1184): CodeIgniter\View\View->render()
 5 APPPATH/Controllers/Post_Comment.php(20): view()
 6 SYSTEMPATH/CodeIgniter.php(934): App\Controllers\Post_Comment->index()
 7 SYSTEMPATH/CodeIgniter.php(499): CodeIgniter\CodeIgniter->runController()
 8 SYSTEMPATH/CodeIgniter.php(368): CodeIgniter\CodeIgniter->handleRequest()
 9 FCPATH/index.php(67): CodeIgniter\CodeIgniter->run()
CRITICAL - 2023-05-10 05:41:18 --> Undefined property: CodeIgniter\View\View::$request
in APPPATH/Views/post_comment.php on line 23.
 1 APPPATH/Views/post_comment.php(23): CodeIgniter\Debug\Exceptions->errorHandler()
 2 SYSTEMPATH/View/View.php(213): include('APPPATH/Views/post_comment.php')
 3 SYSTEMPATH/View/View.php(216): CodeIgniter\View\View->CodeIgniter\View\{closure}()
 4 SYSTEMPATH/Common.php(1184): CodeIgniter\View\View->render()
 5 APPPATH/Controllers/Post_Comment.php(20): view()
 6 SYSTEMPATH/CodeIgniter.php(934): App\Controllers\Post_Comment->index()
 7 SYSTEMPATH/CodeIgniter.php(499): CodeIgniter\CodeIgniter->runController()
 8 SYSTEMPATH/CodeIgniter.php(368): CodeIgniter\CodeIgniter->handleRequest()
 9 FCPATH/index.php(67): CodeIgniter\CodeIgniter->run()
CRITICAL - 2023-05-10 05:41:18 --> Undefined property: CodeIgniter\View\View::$request
in APPPATH/Views/post_comment.php on line 23.
 1 APPPATH/Views/post_comment.php(23): CodeIgniter\Debug\Exceptions->errorHandler()
 2 SYSTEMPATH/View/View.php(213): include('APPPATH/Views/post_comment.php')
 3 SYSTEMPATH/View/View.php(216): CodeIgniter\View\View->CodeIgniter\View\{closure}()
 4 SYSTEMPATH/Common.php(1184): CodeIgniter\View\View->render()
 5 APPPATH/Controllers/Post_Comment.php(20): view()
 6 SYSTEMPATH/CodeIgniter.php(934): App\Controllers\Post_Comment->index()
 7 SYSTEMPATH/CodeIgniter.php(499): CodeIgniter\CodeIgniter->runController()
 8 SYSTEMPATH/CodeIgniter.php(368): CodeIgniter\CodeIgniter->handleRequest()
 9 FCPATH/index.php(67): CodeIgniter\CodeIgniter->run()
CRITICAL - 2023-05-10 05:41:18 --> Undefined property: CodeIgniter\View\View::$request
in APPPATH/Views/post_comment.php on line 23.
 1 APPPATH/Views/post_comment.php(23): CodeIgniter\Debug\Exceptions->errorHandler()
 2 SYSTEMPATH/View/View.php(213): include('APPPATH/Views/post_comment.php')
 3 SYSTEMPATH/View/View.php(216): CodeIgniter\View\View->CodeIgniter\View\{closure}()
 4 SYSTEMPATH/Common.php(1184): CodeIgniter\View\View->render()
 5 APPPATH/Controllers/Post_Comment.php(20): view()
 6 SYSTEMPATH/CodeIgniter.php(934): App\Controllers\Post_Comment->index()
 7 SYSTEMPATH/CodeIgniter.php(499): CodeIgniter\CodeIgniter->runController()
 8 SYSTEMPATH/CodeIgniter.php(368): CodeIgniter\CodeIgniter->handleRequest()
 9 FCPATH/index.php(67): CodeIgniter\CodeIgniter->run()
CRITICAL - 2023-05-10 05:41:22 --> Undefined property: CodeIgniter\View\View::$request
in APPPATH/Views/post_comment.php on line 23.
 1 APPPATH/Views/post_comment.php(23): CodeIgniter\Debug\Exceptions->errorHandler()
 2 SYSTEMPATH/View/View.php(213): include('APPPATH/Views/post_comment.php')
 3 SYSTEMPATH/View/View.php(216): CodeIgniter\View\View->CodeIgniter\View\{closure}()
 4 SYSTEMPATH/Common.php(1184): CodeIgniter\View\View->render()
 5 APPPATH/Controllers/Post_Comment.php(20): view()
 6 SYSTEMPATH/CodeIgniter.php(934): App\Controllers\Post_Comment->index()
 7 SYSTEMPATH/CodeIgniter.php(499): CodeIgniter\CodeIgniter->runController()
 8 SYSTEMPATH/CodeIgniter.php(368): CodeIgniter\CodeIgniter->handleRequest()
 9 FCPATH/index.php(67): CodeIgniter\CodeIgniter->run()
CRITICAL - 2023-05-10 05:46:22 --> Undefined variable $selectedPostID
in APPPATH/Views/post_comment.php on line 29.
 1 APPPATH/Views/post_comment.php(29): CodeIgniter\Debug\Exceptions->errorHandler()
 2 SYSTEMPATH/View/View.php(213): include('APPPATH/Views/post_comment.php')
 3 SYSTEMPATH/View/View.php(216): CodeIgniter\View\View->CodeIgniter\View\{closure}()
 4 SYSTEMPATH/Common.php(1184): CodeIgniter\View\View->render()
 5 APPPATH/Controllers/Post_Comment.php(21): view()
 6 SYSTEMPATH/CodeIgniter.php(934): App\Controllers\Post_Comment->index()
 7 SYSTEMPATH/CodeIgniter.php(499): CodeIgniter\CodeIgniter->runController()
 8 SYSTEMPATH/CodeIgniter.php(368): CodeIgniter\CodeIgniter->handleRequest()
 9 FCPATH/index.php(67): CodeIgniter\CodeIgniter->run()
ERROR - 2023-05-10 05:50:57 --> mysqli_sql_exception: Column 'commentUsername' cannot be null in /var/www/htdocs/asm/system/Database/MySQLi/Connection.php:295
Stack trace:
#0 /var/www/htdocs/asm/system/Database/MySQLi/Connection.php(295): mysqli->query()
#1 /var/www/htdocs/asm/system/Database/BaseConnection.php(691): CodeIgniter\Database\MySQLi\Connection->execute()
#2 /var/www/htdocs/asm/system/Database/BaseConnection.php(605): CodeIgniter\Database\BaseConnection->simpleQuery()
#3 /var/www/htdocs/asm/system/Database/BaseBuilder.php(2309): CodeIgniter\Database\BaseConnection->query()
#4 /var/www/htdocs/asm/app/Models/Post_Comment_model.php(25): CodeIgniter\Database\BaseBuilder->insert()
#5 /var/www/htdocs/asm/app/Controllers/Post_Comment.php(34): App\Models\Post_Comment_model->insertComment()
#6 /var/www/htdocs/asm/system/CodeIgniter.php(934): App\Controllers\Post_Comment->insert_comment()
#7 /var/www/htdocs/asm/system/CodeIgniter.php(499): CodeIgniter\CodeIgniter->runController()
#8 /var/www/htdocs/asm/system/CodeIgniter.php(368): CodeIgniter\CodeIgniter->handleRequest()
#9 /var/www/htdocs/asm/public/index.php(67): CodeIgniter\CodeIgniter->run()
#10 {main}
CRITICAL - 2023-05-10 05:50:57 --> Column 'commentUsername' cannot be null
in SYSTEMPATH/Database/BaseConnection.php on line 645.
 1 SYSTEMPATH/Database/BaseBuilder.php(2309): CodeIgniter\Database\BaseConnection->query()
 2 APPPATH/Models/Post_Comment_model.php(25): CodeIgniter\Database\BaseBuilder->insert()
 3 APPPATH/Controllers/Post_Comment.php(34): App\Models\Post_Comment_model->insertComment()
 4 SYSTEMPATH/CodeIgniter.php(934): App\Controllers\Post_Comment->insert_comment()
 5 SYSTEMPATH/CodeIgniter.php(499): CodeIgniter\CodeIgniter->runController()
 6 SYSTEMPATH/CodeIgniter.php(368): CodeIgniter\CodeIgniter->handleRequest()
 7 FCPATH/index.php(67): CodeIgniter\CodeIgniter->run()
