CRITICAL - 2023-04-27 06:30:55 --> Call to undefined method CodeIgniter\Router\RouteCollection::poste()
in APPPATH/Config/Routes.php on line 50.
 1 SYSTEMPATH/Router/RouteCollection.php(267): require()
 2 SYSTEMPATH/CodeIgniter.php(802): CodeIgniter\Router\RouteCollection->loadRoutes()
 3 SYSTEMPATH/CodeIgniter.php(449): CodeIgniter\CodeIgniter->tryToRouteIt()
 4 SYSTEMPATH/CodeIgniter.php(368): CodeIgniter\CodeIgniter->handleRequest()
 5 FCPATH/index.php(67): CodeIgniter\CodeIgniter->run()
CRITICAL - 2023-04-27 06:34:21 --> Too few arguments to function CodeIgniter\Router\RouteCollection::get(), 1 passed in /var/www/htdocs/asm/app/Config/Routes.php on line 50 and at least 2 expected
in SYSTEMPATH/Router/RouteCollection.php on line 915.
 1 APPPATH/Config/Routes.php(50): CodeIgniter\Router\RouteCollection->get()
 2 SYSTEMPATH/Router/RouteCollection.php(267): require('APPPATH/Config/Routes.php')
 3 SYSTEMPATH/CodeIgniter.php(802): CodeIgniter\Router\RouteCollection->loadRoutes()
 4 SYSTEMPATH/CodeIgniter.php(449): CodeIgniter\CodeIgniter->tryToRouteIt()
 5 SYSTEMPATH/CodeIgniter.php(368): CodeIgniter\CodeIgniter->handleRequest()
 6 FCPATH/index.php(67): CodeIgniter\CodeIgniter->run()
CRITICAL - 2023-04-27 06:35:20 --> Too few arguments to function CodeIgniter\Router\RouteCollection::get(), 1 passed in /var/www/htdocs/asm/app/Config/Routes.php on line 50 and at least 2 expected
in SYSTEMPATH/Router/RouteCollection.php on line 915.
 1 APPPATH/Config/Routes.php(50): CodeIgniter\Router\RouteCollection->get()
 2 SYSTEMPATH/Router/RouteCollection.php(267): require('APPPATH/Config/Routes.php')
 3 SYSTEMPATH/CodeIgniter.php(802): CodeIgniter\Router\RouteCollection->loadRoutes()
 4 SYSTEMPATH/CodeIgniter.php(449): CodeIgniter\CodeIgniter->tryToRouteIt()
 5 SYSTEMPATH/CodeIgniter.php(368): CodeIgniter\CodeIgniter->handleRequest()
 6 FCPATH/index.php(67): CodeIgniter\CodeIgniter->run()
CRITICAL - 2023-04-27 06:51:36 --> Trying to access array offset on value of type null
in APPPATH/Models/Forgot_Password_model.php on line 15.
 1 APPPATH/Models/Forgot_Password_model.php(15): CodeIgniter\Debug\Exceptions->errorHandler()
 2 APPPATH/Controllers/Forgot_Password_Verify.php(22): App\Models\Forgot_Password_model->getUser()
 3 SYSTEMPATH/CodeIgniter.php(934): App\Controllers\Forgot_Password_Verify->check_user_exist()
 4 SYSTEMPATH/CodeIgniter.php(499): CodeIgniter\CodeIgniter->runController()
 5 SYSTEMPATH/CodeIgniter.php(368): CodeIgniter\CodeIgniter->handleRequest()
 6 FCPATH/index.php(67): CodeIgniter\CodeIgniter->run()
CRITICAL - 2023-04-27 07:06:29 --> view(): Argument #2 ($data) must be of type array, string given, called in /var/www/htdocs/asm/app/Controllers/Forgot_Password_Verify.php on line 42
in SYSTEMPATH/Common.php on line 1172.
 1 APPPATH/Controllers/Forgot_Password_Verify.php(42): view()
 2 SYSTEMPATH/CodeIgniter.php(934): App\Controllers\Forgot_Password_Verify->check_user_exist()
 3 SYSTEMPATH/CodeIgniter.php(499): CodeIgniter\CodeIgniter->runController()
 4 SYSTEMPATH/CodeIgniter.php(368): CodeIgniter\CodeIgniter->handleRequest()
 5 FCPATH/index.php(67): CodeIgniter\CodeIgniter->run()
CRITICAL - 2023-04-27 07:16:02 --> Undefined variable $error
in APPPATH/Views/forgot_password_verify.php on line 6.
 1 APPPATH/Views/forgot_password_verify.php(6): CodeIgniter\Debug\Exceptions->errorHandler()
 2 SYSTEMPATH/View/View.php(213): include('APPPATH/Views/forgot_password_verify.php')
 3 SYSTEMPATH/View/View.php(216): CodeIgniter\View\View->CodeIgniter\View\{closure}()
 4 SYSTEMPATH/Common.php(1184): CodeIgniter\View\View->render()
 5 APPPATH/Controllers/Forgot_Password_Verify.php(12): view()
 6 SYSTEMPATH/CodeIgniter.php(934): App\Controllers\Forgot_Password_Verify->index()
 7 SYSTEMPATH/CodeIgniter.php(499): CodeIgniter\CodeIgniter->runController()
 8 SYSTEMPATH/CodeIgniter.php(368): CodeIgniter\CodeIgniter->handleRequest()
 9 FCPATH/index.php(67): CodeIgniter\CodeIgniter->run()
CRITICAL - 2023-04-27 07:21:20 --> Undefined variable $error
in APPPATH/Views/create_account.php on line 7.
 1 APPPATH/Views/create_account.php(7): CodeIgniter\Debug\Exceptions->errorHandler()
 2 SYSTEMPATH/View/View.php(213): include('APPPATH/Views/create_account.php')
 3 SYSTEMPATH/View/View.php(216): CodeIgniter\View\View->CodeIgniter\View\{closure}()
 4 SYSTEMPATH/Common.php(1184): CodeIgniter\View\View->render()
 5 APPPATH/Controllers/Create_Account.php(13): view()
 6 SYSTEMPATH/CodeIgniter.php(934): App\Controllers\Create_Account->index()
 7 SYSTEMPATH/CodeIgniter.php(499): CodeIgniter\CodeIgniter->runController()
 8 SYSTEMPATH/CodeIgniter.php(368): CodeIgniter\CodeIgniter->handleRequest()
 9 FCPATH/index.php(67): CodeIgniter\CodeIgniter->run()
CRITICAL - 2023-04-27 07:46:15 --> Class "App\Controllers\Create_Account_model" not found
in APPPATH/Controllers/Create_Account.php on line 38.
 1 SYSTEMPATH/CodeIgniter.php(934): App\Controllers\Create_Account->create_account()
 2 SYSTEMPATH/CodeIgniter.php(499): CodeIgniter\CodeIgniter->runController()
 3 SYSTEMPATH/CodeIgniter.php(368): CodeIgniter\CodeIgniter->handleRequest()
 4 FCPATH/index.php(67): CodeIgniter\CodeIgniter->run()
CRITICAL - 2023-04-27 07:52:34 --> Undefined variable $error
in APPPATH/Views/user_profile.php on line 12.
 1 APPPATH/Views/user_profile.php(12): CodeIgniter\Debug\Exceptions->errorHandler()
 2 SYSTEMPATH/View/View.php(213): include('APPPATH/Views/user_profile.php')
 3 SYSTEMPATH/View/View.php(216): CodeIgniter\View\View->CodeIgniter\View\{closure}()
 4 SYSTEMPATH/Common.php(1184): CodeIgniter\View\View->render()
 5 APPPATH/Controllers/User_Profile.php(25): view()
 6 SYSTEMPATH/CodeIgniter.php(934): App\Controllers\User_Profile->index()
 7 SYSTEMPATH/CodeIgniter.php(499): CodeIgniter\CodeIgniter->runController()
 8 SYSTEMPATH/CodeIgniter.php(368): CodeIgniter\CodeIgniter->handleRequest()
 9 FCPATH/index.php(67): CodeIgniter\CodeIgniter->run()
CRITICAL - 2023-04-27 07:56:08 --> Undefined variable $data
in APPPATH/Views/user_profile.php on line 17.
 1 APPPATH/Views/user_profile.php(17): CodeIgniter\Debug\Exceptions->errorHandler()
 2 SYSTEMPATH/View/View.php(213): include('APPPATH/Views/user_profile.php')
 3 SYSTEMPATH/View/View.php(216): CodeIgniter\View\View->CodeIgniter\View\{closure}()
 4 SYSTEMPATH/Common.php(1184): CodeIgniter\View\View->render()
 5 APPPATH/Controllers/User_Profile.php(25): view()
 6 SYSTEMPATH/CodeIgniter.php(934): App\Controllers\User_Profile->index()
 7 SYSTEMPATH/CodeIgniter.php(499): CodeIgniter\CodeIgniter->runController()
 8 SYSTEMPATH/CodeIgniter.php(368): CodeIgniter\CodeIgniter->handleRequest()
 9 FCPATH/index.php(67): CodeIgniter\CodeIgniter->run()
CRITICAL - 2023-04-27 12:39:59 --> view(): Argument #2 ($data) must be of type array, string given, called in /var/www/htdocs/asm/app/Controllers/Forgot_Password_Verify.php on line 36
in SYSTEMPATH/Common.php on line 1172.
 1 APPPATH/Controllers/Forgot_Password_Verify.php(36): view()
 2 SYSTEMPATH/CodeIgniter.php(934): App\Controllers\Forgot_Password_Verify->check_user_exist()
 3 SYSTEMPATH/CodeIgniter.php(499): CodeIgniter\CodeIgniter->runController()
 4 SYSTEMPATH/CodeIgniter.php(368): CodeIgniter\CodeIgniter->handleRequest()
 5 FCPATH/index.php(67): CodeIgniter\CodeIgniter->run()
CRITICAL - 2023-04-27 12:57:32 --> Undefined variable $passwordOnly
in APPPATH/Models/Forgot_Password_model.php on line 49.
 1 APPPATH/Models/Forgot_Password_model.php(49): CodeIgniter\Debug\Exceptions->errorHandler()
 2 APPPATH/Controllers/Forgot_Password_Reset.php(17): App\Models\Forgot_Password_model->resetPassword()
 3 SYSTEMPATH/CodeIgniter.php(934): App\Controllers\Forgot_Password_Reset->updatePassword()
 4 SYSTEMPATH/CodeIgniter.php(499): CodeIgniter\CodeIgniter->runController()
 5 SYSTEMPATH/CodeIgniter.php(368): CodeIgniter\CodeIgniter->handleRequest()
 6 FCPATH/index.php(67): CodeIgniter\CodeIgniter->run()
ERROR - 2023-04-27 12:57:54 --> mysqli_sql_exception: You have an error in your SQL syntax; check the manual that corresponds to your MySQL server version for the right syntax to use near '22002200 = :22002200:
WHERE `username` = 'infs2200'' at line 1 in /var/www/htdocs/asm/system/Database/MySQLi/Connection.php:295
Stack trace:
#0 /var/www/htdocs/asm/system/Database/MySQLi/Connection.php(295): mysqli->query()
#1 /var/www/htdocs/asm/system/Database/BaseConnection.php(691): CodeIgniter\Database\MySQLi\Connection->execute()
#2 /var/www/htdocs/asm/system/Database/BaseConnection.php(605): CodeIgniter\Database\BaseConnection->simpleQuery()
#3 /var/www/htdocs/asm/system/Database/BaseBuilder.php(2476): CodeIgniter\Database\BaseConnection->query()
#4 /var/www/htdocs/asm/app/Models/Forgot_Password_model.php(49): CodeIgniter\Database\BaseBuilder->update()
#5 /var/www/htdocs/asm/app/Controllers/Forgot_Password_Reset.php(17): App\Models\Forgot_Password_model->resetPassword()
#6 /var/www/htdocs/asm/system/CodeIgniter.php(934): App\Controllers\Forgot_Password_Reset->updatePassword()
#7 /var/www/htdocs/asm/system/CodeIgniter.php(499): CodeIgniter\CodeIgniter->runController()
#8 /var/www/htdocs/asm/system/CodeIgniter.php(368): CodeIgniter\CodeIgniter->handleRequest()
#9 /var/www/htdocs/asm/public/index.php(67): CodeIgniter\CodeIgniter->run()
#10 {main}
CRITICAL - 2023-04-27 12:57:54 --> You have an error in your SQL syntax; check the manual that corresponds to your MySQL server version for the right syntax to use near '22002200 = :22002200:
WHERE `username` = 'infs2200'' at line 1
in SYSTEMPATH/Database/BaseConnection.php on line 645.
 1 SYSTEMPATH/Database/BaseBuilder.php(2476): CodeIgniter\Database\BaseConnection->query()
 2 APPPATH/Models/Forgot_Password_model.php(49): CodeIgniter\Database\BaseBuilder->update()
 3 APPPATH/Controllers/Forgot_Password_Reset.php(17): App\Models\Forgot_Password_model->resetPassword()
 4 SYSTEMPATH/CodeIgniter.php(934): App\Controllers\Forgot_Password_Reset->updatePassword()
 5 SYSTEMPATH/CodeIgniter.php(499): CodeIgniter\CodeIgniter->runController()
 6 SYSTEMPATH/CodeIgniter.php(368): CodeIgniter\CodeIgniter->handleRequest()
 7 FCPATH/index.php(67): CodeIgniter\CodeIgniter->run()
