CRITICAL - 2023-04-18 23:16:13 --> You must set the database table to be used with your query.
in SYSTEMPATH/Database/BaseConnection.php on line 882.
 1 SYSTEMPATH/Model.php(642): CodeIgniter\Database\BaseConnection->table()
 2 SYSTEMPATH/Model.php(832): CodeIgniter\Model->builder()
 3 APPPATH/Controllers/Display_Post.php(11): CodeIgniter\Model->__call()
 4 SYSTEMPATH/CodeIgniter.php(934): App\Controllers\Display_Post->index()
 5 SYSTEMPATH/CodeIgniter.php(499): CodeIgniter\CodeIgniter->runController()
 6 SYSTEMPATH/CodeIgniter.php(368): CodeIgniter\CodeIgniter->handleRequest()
 7 FCPATH/index.php(67): CodeIgniter\CodeIgniter->run()
CRITICAL - 2023-04-18 23:17:28 --> Call to undefined method CodeIgniter\Database\MySQLi\Result::result()
in APPPATH/Models/Display_Post_Model.php on line 13.
 1 APPPATH/Controllers/Display_Post.php(11): App\Models\Display_Post_model->getAllPost()
 2 SYSTEMPATH/CodeIgniter.php(934): App\Controllers\Display_Post->index()
 3 SYSTEMPATH/CodeIgniter.php(499): CodeIgniter\CodeIgniter->runController()
 4 SYSTEMPATH/CodeIgniter.php(368): CodeIgniter\CodeIgniter->handleRequest()
 5 FCPATH/index.php(67): CodeIgniter\CodeIgniter->run()
CRITICAL - 2023-04-18 23:17:42 --> Undefined variable $allPost
in APPPATH/Views/display_post.php on line 26.
 1 APPPATH/Views/display_post.php(26): CodeIgniter\Debug\Exceptions->errorHandler()
 2 SYSTEMPATH/View/View.php(213): include('APPPATH/Views/display_post.php')
 3 SYSTEMPATH/View/View.php(216): CodeIgniter\View\View->CodeIgniter\View\{closure}()
 4 SYSTEMPATH/Common.php(1184): CodeIgniter\View\View->render()
 5 APPPATH/Controllers/Display_Post.php(13): view()
 6 SYSTEMPATH/CodeIgniter.php(934): App\Controllers\Display_Post->index()
 7 SYSTEMPATH/CodeIgniter.php(499): CodeIgniter\CodeIgniter->runController()
 8 SYSTEMPATH/CodeIgniter.php(368): CodeIgniter\CodeIgniter->handleRequest()
 9 FCPATH/index.php(67): CodeIgniter\CodeIgniter->run()
CRITICAL - 2023-04-18 23:19:49 --> Undefined property: App\Controllers\Display_Post::$load
in APPPATH/Controllers/Display_Post.php on line 13.
 1 APPPATH/Controllers/Display_Post.php(13): CodeIgniter\Debug\Exceptions->errorHandler()
 2 SYSTEMPATH/CodeIgniter.php(934): App\Controllers\Display_Post->index()
 3 SYSTEMPATH/CodeIgniter.php(499): CodeIgniter\CodeIgniter->runController()
 4 SYSTEMPATH/CodeIgniter.php(368): CodeIgniter\CodeIgniter->handleRequest()
 5 FCPATH/index.php(67): CodeIgniter\CodeIgniter->run()
CRITICAL - 2023-04-18 23:21:31 --> Undefined property: App\Controllers\Display_Post::$load
in APPPATH/Controllers/Display_Post.php on line 13.
 1 APPPATH/Controllers/Display_Post.php(13): CodeIgniter\Debug\Exceptions->errorHandler()
 2 SYSTEMPATH/CodeIgniter.php(934): App\Controllers\Display_Post->index()
 3 SYSTEMPATH/CodeIgniter.php(499): CodeIgniter\CodeIgniter->runController()
 4 SYSTEMPATH/CodeIgniter.php(368): CodeIgniter\CodeIgniter->handleRequest()
 5 FCPATH/index.php(67): CodeIgniter\CodeIgniter->run()
CRITICAL - 2023-04-18 23:24:47 --> Undefined variable $allPost
in APPPATH/Views/display_post.php on line 26.
 1 APPPATH/Views/display_post.php(26): CodeIgniter\Debug\Exceptions->errorHandler()
 2 SYSTEMPATH/View/View.php(213): include('APPPATH/Views/display_post.php')
 3 SYSTEMPATH/View/View.php(216): CodeIgniter\View\View->CodeIgniter\View\{closure}()
 4 SYSTEMPATH/Common.php(1184): CodeIgniter\View\View->render()
 5 APPPATH/Controllers/Display_Post.php(14): view()
 6 SYSTEMPATH/CodeIgniter.php(934): App\Controllers\Display_Post->index()
 7 SYSTEMPATH/CodeIgniter.php(499): CodeIgniter\CodeIgniter->runController()
 8 SYSTEMPATH/CodeIgniter.php(368): CodeIgniter\CodeIgniter->handleRequest()
 9 FCPATH/index.php(67): CodeIgniter\CodeIgniter->run()
CRITICAL - 2023-04-18 23:35:35 --> Undefined variable $post_id
in APPPATH/Controllers/Display_Post.php on line 13.
 1 APPPATH/Controllers/Display_Post.php(13): CodeIgniter\Debug\Exceptions->errorHandler()
 2 SYSTEMPATH/CodeIgniter.php(934): App\Controllers\Display_Post->index()
 3 SYSTEMPATH/CodeIgniter.php(499): CodeIgniter\CodeIgniter->runController()
 4 SYSTEMPATH/CodeIgniter.php(368): CodeIgniter\CodeIgniter->handleRequest()
 5 FCPATH/index.php(67): CodeIgniter\CodeIgniter->run()
CRITICAL - 2023-04-18 23:38:27 --> Undefined variable $allPost
in APPPATH/Views/display_post.php on line 26.
 1 APPPATH/Views/display_post.php(26): CodeIgniter\Debug\Exceptions->errorHandler()
 2 SYSTEMPATH/View/View.php(213): include('APPPATH/Views/display_post.php')
 3 SYSTEMPATH/View/View.php(216): CodeIgniter\View\View->CodeIgniter\View\{closure}()
 4 SYSTEMPATH/Common.php(1184): CodeIgniter\View\View->render()
 5 APPPATH/Controllers/Display_Post.php(15): view()
 6 SYSTEMPATH/CodeIgniter.php(934): App\Controllers\Display_Post->index()
 7 SYSTEMPATH/CodeIgniter.php(499): CodeIgniter\CodeIgniter->runController()
 8 SYSTEMPATH/CodeIgniter.php(368): CodeIgniter\CodeIgniter->handleRequest()
 9 FCPATH/index.php(67): CodeIgniter\CodeIgniter->run()
CRITICAL - 2023-04-18 23:42:27 --> Undefined property: App\Controllers\Display_Post::$load
in APPPATH/Controllers/Display_Post.php on line 14.
 1 APPPATH/Controllers/Display_Post.php(14): CodeIgniter\Debug\Exceptions->errorHandler()
 2 SYSTEMPATH/CodeIgniter.php(934): App\Controllers\Display_Post->index()
 3 SYSTEMPATH/CodeIgniter.php(499): CodeIgniter\CodeIgniter->runController()
 4 SYSTEMPATH/CodeIgniter.php(368): CodeIgniter\CodeIgniter->handleRequest()
 5 FCPATH/index.php(67): CodeIgniter\CodeIgniter->run()
