CRITICAL - 2023-04-21 12:29:46 --> Undefined variable $p
in APPPATH/Views/display_post.php on line 39.
 1 APPPATH/Views/display_post.php(39): CodeIgniter\Debug\Exceptions->errorHandler()
 2 SYSTEMPATH/View/View.php(213): include('APPPATH/Views/display_post.php')
 3 SYSTEMPATH/View/View.php(216): CodeIgniter\View\View->CodeIgniter\View\{closure}()
 4 SYSTEMPATH/Common.php(1184): CodeIgniter\View\View->render()
 5 APPPATH/Controllers/Display_Post.php(15): view()
 6 SYSTEMPATH/CodeIgniter.php(934): App\Controllers\Display_Post->index()
 7 SYSTEMPATH/CodeIgniter.php(499): CodeIgniter\CodeIgniter->runController()
 8 SYSTEMPATH/CodeIgniter.php(368): CodeIgniter\CodeIgniter->handleRequest()
 9 FCPATH/index.php(67): CodeIgniter\CodeIgniter->run()
CRITICAL - 2023-04-21 12:29:56 --> Attempt to read property "post_id" on array
in APPPATH/Views/display_post.php on line 39.
 1 APPPATH/Views/display_post.php(39): CodeIgniter\Debug\Exceptions->errorHandler()
 2 SYSTEMPATH/View/View.php(213): include('APPPATH/Views/display_post.php')
 3 SYSTEMPATH/View/View.php(216): CodeIgniter\View\View->CodeIgniter\View\{closure}()
 4 SYSTEMPATH/Common.php(1184): CodeIgniter\View\View->render()
 5 APPPATH/Controllers/Display_Post.php(15): view()
 6 SYSTEMPATH/CodeIgniter.php(934): App\Controllers\Display_Post->index()
 7 SYSTEMPATH/CodeIgniter.php(499): CodeIgniter\CodeIgniter->runController()
 8 SYSTEMPATH/CodeIgniter.php(368): CodeIgniter\CodeIgniter->handleRequest()
 9 FCPATH/index.php(67): CodeIgniter\CodeIgniter->run()
CRITICAL - 2023-04-21 12:32:17 --> Undefined array key "post_id"
in APPPATH/Views/display_post.php on line 39.
 1 APPPATH/Views/display_post.php(39): CodeIgniter\Debug\Exceptions->errorHandler()
 2 SYSTEMPATH/View/View.php(213): include('APPPATH/Views/display_post.php')
 3 SYSTEMPATH/View/View.php(216): CodeIgniter\View\View->CodeIgniter\View\{closure}()
 4 SYSTEMPATH/Common.php(1184): CodeIgniter\View\View->render()
 5 APPPATH/Controllers/Display_Post.php(15): view()
 6 SYSTEMPATH/CodeIgniter.php(934): App\Controllers\Display_Post->index()
 7 SYSTEMPATH/CodeIgniter.php(499): CodeIgniter\CodeIgniter->runController()
 8 SYSTEMPATH/CodeIgniter.php(368): CodeIgniter\CodeIgniter->handleRequest()
 9 FCPATH/index.php(67): CodeIgniter\CodeIgniter->run()
CRITICAL - 2023-04-21 12:32:48 --> Undefined array key "postUsername"
in APPPATH/Views/display_post.php on line 38.
 1 APPPATH/Views/display_post.php(38): CodeIgniter\Debug\Exceptions->errorHandler()
 2 SYSTEMPATH/View/View.php(213): include('APPPATH/Views/display_post.php')
 3 SYSTEMPATH/View/View.php(216): CodeIgniter\View\View->CodeIgniter\View\{closure}()
 4 SYSTEMPATH/Common.php(1184): CodeIgniter\View\View->render()
 5 APPPATH/Controllers/Display_Post.php(15): view()
 6 SYSTEMPATH/CodeIgniter.php(934): App\Controllers\Display_Post->index()
 7 SYSTEMPATH/CodeIgniter.php(499): CodeIgniter\CodeIgniter->runController()
 8 SYSTEMPATH/CodeIgniter.php(368): CodeIgniter\CodeIgniter->handleRequest()
 9 FCPATH/index.php(67): CodeIgniter\CodeIgniter->run()
CRITICAL - 2023-04-21 12:33:28 --> Undefined variable $postUsername
in APPPATH/Views/display_post.php on line 39.
 1 APPPATH/Views/display_post.php(39): CodeIgniter\Debug\Exceptions->errorHandler()
 2 SYSTEMPATH/View/View.php(213): include('APPPATH/Views/display_post.php')
 3 SYSTEMPATH/View/View.php(216): CodeIgniter\View\View->CodeIgniter\View\{closure}()
 4 SYSTEMPATH/Common.php(1184): CodeIgniter\View\View->render()
 5 APPPATH/Controllers/Display_Post.php(15): view()
 6 SYSTEMPATH/CodeIgniter.php(934): App\Controllers\Display_Post->index()
 7 SYSTEMPATH/CodeIgniter.php(499): CodeIgniter\CodeIgniter->runController()
 8 SYSTEMPATH/CodeIgniter.php(368): CodeIgniter\CodeIgniter->handleRequest()
 9 FCPATH/index.php(67): CodeIgniter\CodeIgniter->run()
CRITICAL - 2023-04-21 12:33:29 --> Undefined variable $postUsername
in APPPATH/Views/display_post.php on line 39.
 1 APPPATH/Views/display_post.php(39): CodeIgniter\Debug\Exceptions->errorHandler()
 2 SYSTEMPATH/View/View.php(213): include('APPPATH/Views/display_post.php')
 3 SYSTEMPATH/View/View.php(216): CodeIgniter\View\View->CodeIgniter\View\{closure}()
 4 SYSTEMPATH/Common.php(1184): CodeIgniter\View\View->render()
 5 APPPATH/Controllers/Display_Post.php(15): view()
 6 SYSTEMPATH/CodeIgniter.php(934): App\Controllers\Display_Post->index()
 7 SYSTEMPATH/CodeIgniter.php(499): CodeIgniter\CodeIgniter->runController()
 8 SYSTEMPATH/CodeIgniter.php(368): CodeIgniter\CodeIgniter->handleRequest()
 9 FCPATH/index.php(67): CodeIgniter\CodeIgniter->run()
CRITICAL - 2023-04-21 12:33:30 --> Undefined variable $postUsername
in APPPATH/Views/display_post.php on line 39.
 1 APPPATH/Views/display_post.php(39): CodeIgniter\Debug\Exceptions->errorHandler()
 2 SYSTEMPATH/View/View.php(213): include('APPPATH/Views/display_post.php')
 3 SYSTEMPATH/View/View.php(216): CodeIgniter\View\View->CodeIgniter\View\{closure}()
 4 SYSTEMPATH/Common.php(1184): CodeIgniter\View\View->render()
 5 APPPATH/Controllers/Display_Post.php(15): view()
 6 SYSTEMPATH/CodeIgniter.php(934): App\Controllers\Display_Post->index()
 7 SYSTEMPATH/CodeIgniter.php(499): CodeIgniter\CodeIgniter->runController()
 8 SYSTEMPATH/CodeIgniter.php(368): CodeIgniter\CodeIgniter->handleRequest()
 9 FCPATH/index.php(67): CodeIgniter\CodeIgniter->run()
CRITICAL - 2023-04-21 12:35:51 --> Undefined variable $displayUserProfile
in APPPATH/Views/user_profile.php on line 26.
 1 APPPATH/Views/user_profile.php(26): CodeIgniter\Debug\Exceptions->errorHandler()
 2 SYSTEMPATH/View/View.php(213): include('APPPATH/Views/user_profile.php')
 3 SYSTEMPATH/View/View.php(216): CodeIgniter\View\View->CodeIgniter\View\{closure}()
 4 SYSTEMPATH/Common.php(1184): CodeIgniter\View\View->render()
 5 APPPATH/Controllers/User_Profile.php(11): view()
 6 SYSTEMPATH/CodeIgniter.php(934): App\Controllers\User_Profile->index()
 7 SYSTEMPATH/CodeIgniter.php(499): CodeIgniter\CodeIgniter->runController()
 8 SYSTEMPATH/CodeIgniter.php(368): CodeIgniter\CodeIgniter->handleRequest()
 9 FCPATH/index.php(67): CodeIgniter\CodeIgniter->run()
CRITICAL - 2023-04-21 12:36:09 --> Undefined variable $displayUserProfile
in APPPATH/Views/user_profile.php on line 26.
 1 APPPATH/Views/user_profile.php(26): CodeIgniter\Debug\Exceptions->errorHandler()
 2 SYSTEMPATH/View/View.php(213): include('APPPATH/Views/user_profile.php')
 3 SYSTEMPATH/View/View.php(216): CodeIgniter\View\View->CodeIgniter\View\{closure}()
 4 SYSTEMPATH/Common.php(1184): CodeIgniter\View\View->render()
 5 APPPATH/Controllers/User_Profile.php(11): view()
 6 SYSTEMPATH/CodeIgniter.php(934): App\Controllers\User_Profile->index()
 7 SYSTEMPATH/CodeIgniter.php(499): CodeIgniter\CodeIgniter->runController()
 8 SYSTEMPATH/CodeIgniter.php(368): CodeIgniter\CodeIgniter->handleRequest()
 9 FCPATH/index.php(67): CodeIgniter\CodeIgniter->run()
CRITICAL - 2023-04-21 12:38:57 --> Undefined variable $displayUserProfile
in APPPATH/Views/user_profile.php on line 26.
 1 APPPATH/Views/user_profile.php(26): CodeIgniter\Debug\Exceptions->errorHandler()
 2 SYSTEMPATH/View/View.php(213): include('APPPATH/Views/user_profile.php')
 3 SYSTEMPATH/View/View.php(216): CodeIgniter\View\View->CodeIgniter\View\{closure}()
 4 SYSTEMPATH/Common.php(1184): CodeIgniter\View\View->render()
 5 APPPATH/Controllers/User_Profile.php(11): view()
 6 SYSTEMPATH/CodeIgniter.php(934): App\Controllers\User_Profile->index()
 7 SYSTEMPATH/CodeIgniter.php(499): CodeIgniter\CodeIgniter->runController()
 8 SYSTEMPATH/CodeIgniter.php(368): CodeIgniter\CodeIgniter->handleRequest()
 9 FCPATH/index.php(67): CodeIgniter\CodeIgniter->run()
CRITICAL - 2023-04-21 12:42:24 --> Undefined variable $data
in APPPATH/Views/user_profile.php on line 26.
 1 APPPATH/Views/user_profile.php(26): CodeIgniter\Debug\Exceptions->errorHandler()
 2 SYSTEMPATH/View/View.php(213): include('APPPATH/Views/user_profile.php')
 3 SYSTEMPATH/View/View.php(216): CodeIgniter\View\View->CodeIgniter\View\{closure}()
 4 SYSTEMPATH/Common.php(1184): CodeIgniter\View\View->render()
 5 APPPATH/Controllers/User_Profile.php(11): view()
 6 SYSTEMPATH/CodeIgniter.php(934): App\Controllers\User_Profile->index()
 7 SYSTEMPATH/CodeIgniter.php(499): CodeIgniter\CodeIgniter->runController()
 8 SYSTEMPATH/CodeIgniter.php(368): CodeIgniter\CodeIgniter->handleRequest()
 9 FCPATH/index.php(67): CodeIgniter\CodeIgniter->run()
CRITICAL - 2023-04-21 12:43:12 --> Undefined variable $displayUserProfile
in APPPATH/Views/user_profile.php on line 26.
 1 APPPATH/Views/user_profile.php(26): CodeIgniter\Debug\Exceptions->errorHandler()
 2 SYSTEMPATH/View/View.php(213): include('APPPATH/Views/user_profile.php')
 3 SYSTEMPATH/View/View.php(216): CodeIgniter\View\View->CodeIgniter\View\{closure}()
 4 SYSTEMPATH/Common.php(1184): CodeIgniter\View\View->render()
 5 APPPATH/Controllers/User_Profile.php(11): view()
 6 SYSTEMPATH/CodeIgniter.php(934): App\Controllers\User_Profile->index()
 7 SYSTEMPATH/CodeIgniter.php(499): CodeIgniter\CodeIgniter->runController()
 8 SYSTEMPATH/CodeIgniter.php(368): CodeIgniter\CodeIgniter->handleRequest()
 9 FCPATH/index.php(67): CodeIgniter\CodeIgniter->run()
CRITICAL - 2023-04-21 12:44:51 --> Undefined variable $displayUserProfile
in APPPATH/Views/user_profile.php on line 26.
 1 APPPATH/Views/user_profile.php(26): CodeIgniter\Debug\Exceptions->errorHandler()
 2 SYSTEMPATH/View/View.php(213): include('APPPATH/Views/user_profile.php')
 3 SYSTEMPATH/View/View.php(216): CodeIgniter\View\View->CodeIgniter\View\{closure}()
 4 SYSTEMPATH/Common.php(1184): CodeIgniter\View\View->render()
 5 APPPATH/Controllers/User_Profile.php(11): view()
 6 SYSTEMPATH/CodeIgniter.php(934): App\Controllers\User_Profile->index()
 7 SYSTEMPATH/CodeIgniter.php(499): CodeIgniter\CodeIgniter->runController()
 8 SYSTEMPATH/CodeIgniter.php(368): CodeIgniter\CodeIgniter->handleRequest()
 9 FCPATH/index.php(67): CodeIgniter\CodeIgniter->run()
CRITICAL - 2023-04-21 12:44:52 --> Undefined variable $displayUserProfile
in APPPATH/Views/user_profile.php on line 26.
 1 APPPATH/Views/user_profile.php(26): CodeIgniter\Debug\Exceptions->errorHandler()
 2 SYSTEMPATH/View/View.php(213): include('APPPATH/Views/user_profile.php')
 3 SYSTEMPATH/View/View.php(216): CodeIgniter\View\View->CodeIgniter\View\{closure}()
 4 SYSTEMPATH/Common.php(1184): CodeIgniter\View\View->render()
 5 APPPATH/Controllers/User_Profile.php(11): view()
 6 SYSTEMPATH/CodeIgniter.php(934): App\Controllers\User_Profile->index()
 7 SYSTEMPATH/CodeIgniter.php(499): CodeIgniter\CodeIgniter->runController()
 8 SYSTEMPATH/CodeIgniter.php(368): CodeIgniter\CodeIgniter->handleRequest()
 9 FCPATH/index.php(67): CodeIgniter\CodeIgniter->run()
CRITICAL - 2023-04-21 13:40:07 --> Undefined variable $displayUserProfile
in APPPATH/Views/user_profile.php on line 26.
 1 APPPATH/Views/user_profile.php(26): CodeIgniter\Debug\Exceptions->errorHandler()
 2 SYSTEMPATH/View/View.php(213): include('APPPATH/Views/user_profile.php')
 3 SYSTEMPATH/View/View.php(216): CodeIgniter\View\View->CodeIgniter\View\{closure}()
 4 SYSTEMPATH/Common.php(1184): CodeIgniter\View\View->render()
 5 APPPATH/Controllers/User_Profile.php(11): view()
 6 SYSTEMPATH/CodeIgniter.php(934): App\Controllers\User_Profile->index()
 7 SYSTEMPATH/CodeIgniter.php(499): CodeIgniter\CodeIgniter->runController()
 8 SYSTEMPATH/CodeIgniter.php(368): CodeIgniter\CodeIgniter->handleRequest()
 9 FCPATH/index.php(67): CodeIgniter\CodeIgniter->run()
CRITICAL - 2023-04-21 13:40:09 --> Undefined variable $displayUserProfile
in APPPATH/Views/user_profile.php on line 26.
 1 APPPATH/Views/user_profile.php(26): CodeIgniter\Debug\Exceptions->errorHandler()
 2 SYSTEMPATH/View/View.php(213): include('APPPATH/Views/user_profile.php')
 3 SYSTEMPATH/View/View.php(216): CodeIgniter\View\View->CodeIgniter\View\{closure}()
 4 SYSTEMPATH/Common.php(1184): CodeIgniter\View\View->render()
 5 APPPATH/Controllers/User_Profile.php(11): view()
 6 SYSTEMPATH/CodeIgniter.php(934): App\Controllers\User_Profile->index()
 7 SYSTEMPATH/CodeIgniter.php(499): CodeIgniter\CodeIgniter->runController()
 8 SYSTEMPATH/CodeIgniter.php(368): CodeIgniter\CodeIgniter->handleRequest()
 9 FCPATH/index.php(67): CodeIgniter\CodeIgniter->run()
CRITICAL - 2023-04-21 13:53:34 --> Undefined variable $data
in APPPATH/Views/user_profile.php on line 12.
 1 APPPATH/Views/user_profile.php(12): CodeIgniter\Debug\Exceptions->errorHandler()
 2 SYSTEMPATH/View/View.php(213): include('APPPATH/Views/user_profile.php')
 3 SYSTEMPATH/View/View.php(216): CodeIgniter\View\View->CodeIgniter\View\{closure}()
 4 SYSTEMPATH/Common.php(1184): CodeIgniter\View\View->render()
 5 APPPATH/Controllers/User_Profile.php(11): view()
 6 SYSTEMPATH/CodeIgniter.php(934): App\Controllers\User_Profile->index()
 7 SYSTEMPATH/CodeIgniter.php(499): CodeIgniter\CodeIgniter->runController()
 8 SYSTEMPATH/CodeIgniter.php(368): CodeIgniter\CodeIgniter->handleRequest()
 9 FCPATH/index.php(67): CodeIgniter\CodeIgniter->run()
CRITICAL - 2023-04-21 13:54:05 --> Undefined variable $displayUserProfile
in APPPATH/Views/user_profile.php on line 12.
 1 APPPATH/Views/user_profile.php(12): CodeIgniter\Debug\Exceptions->errorHandler()
 2 SYSTEMPATH/View/View.php(213): include('APPPATH/Views/user_profile.php')
 3 SYSTEMPATH/View/View.php(216): CodeIgniter\View\View->CodeIgniter\View\{closure}()
 4 SYSTEMPATH/Common.php(1184): CodeIgniter\View\View->render()
 5 APPPATH/Controllers/User_Profile.php(11): view()
 6 SYSTEMPATH/CodeIgniter.php(934): App\Controllers\User_Profile->index()
 7 SYSTEMPATH/CodeIgniter.php(499): CodeIgniter\CodeIgniter->runController()
 8 SYSTEMPATH/CodeIgniter.php(368): CodeIgniter\CodeIgniter->handleRequest()
 9 FCPATH/index.php(67): CodeIgniter\CodeIgniter->run()
CRITICAL - 2023-04-21 13:55:59 --> Undefined variable $displayUserProfile
in APPPATH/Views/user_profile.php on line 12.
 1 APPPATH/Views/user_profile.php(12): CodeIgniter\Debug\Exceptions->errorHandler()
 2 SYSTEMPATH/View/View.php(213): include('APPPATH/Views/user_profile.php')
 3 SYSTEMPATH/View/View.php(216): CodeIgniter\View\View->CodeIgniter\View\{closure}()
 4 SYSTEMPATH/Common.php(1184): CodeIgniter\View\View->render()
 5 APPPATH/Controllers/User_Profile.php(11): view()
 6 SYSTEMPATH/CodeIgniter.php(934): App\Controllers\User_Profile->index()
 7 SYSTEMPATH/CodeIgniter.php(499): CodeIgniter\CodeIgniter->runController()
 8 SYSTEMPATH/CodeIgniter.php(368): CodeIgniter\CodeIgniter->handleRequest()
 9 FCPATH/index.php(67): CodeIgniter\CodeIgniter->run()
CRITICAL - 2023-04-21 14:40:12 --> Too few arguments to function App\Models\User_Profile_model::getProfileAttr(), 0 passed in /var/www/htdocs/asm/app/Controllers/User_Profile.php on line 10 and exactly 1 expected
in APPPATH/Models/User_Profile_model.php on line 9.
 1 APPPATH/Controllers/User_Profile.php(10): App\Models\User_Profile_model->getProfileAttr()
 2 SYSTEMPATH/CodeIgniter.php(934): App\Controllers\User_Profile->index()
 3 SYSTEMPATH/CodeIgniter.php(499): CodeIgniter\CodeIgniter->runController()
 4 SYSTEMPATH/CodeIgniter.php(368): CodeIgniter\CodeIgniter->handleRequest()
 5 FCPATH/index.php(67): CodeIgniter\CodeIgniter->run()
CRITICAL - 2023-04-21 14:41:52 --> Undefined variable $displayUserProfile
in APPPATH/Views/user_profile.php on line 12.
 1 APPPATH/Views/user_profile.php(12): CodeIgniter\Debug\Exceptions->errorHandler()
 2 SYSTEMPATH/View/View.php(213): include('APPPATH/Views/user_profile.php')
 3 SYSTEMPATH/View/View.php(216): CodeIgniter\View\View->CodeIgniter\View\{closure}()
 4 SYSTEMPATH/Common.php(1184): CodeIgniter\View\View->render()
 5 APPPATH/Controllers/User_Profile.php(15): view()
 6 SYSTEMPATH/CodeIgniter.php(934): App\Controllers\User_Profile->index()
 7 SYSTEMPATH/CodeIgniter.php(499): CodeIgniter\CodeIgniter->runController()
 8 SYSTEMPATH/CodeIgniter.php(368): CodeIgniter\CodeIgniter->handleRequest()
 9 FCPATH/index.php(67): CodeIgniter\CodeIgniter->run()
CRITICAL - 2023-04-21 14:42:34 --> Undefined variable $data
in APPPATH/Controllers/User_Profile.php on line 15.
 1 APPPATH/Controllers/User_Profile.php(15): CodeIgniter\Debug\Exceptions->errorHandler()
 2 SYSTEMPATH/CodeIgniter.php(934): App\Controllers\User_Profile->index()
 3 SYSTEMPATH/CodeIgniter.php(499): CodeIgniter\CodeIgniter->runController()
 4 SYSTEMPATH/CodeIgniter.php(368): CodeIgniter\CodeIgniter->handleRequest()
 5 FCPATH/index.php(67): CodeIgniter\CodeIgniter->run()
