CRITICAL - 2023-05-01 05:19:57 --> Undefined variable $usernameInPrvForm
in APPPATH/Views/upload_form.php on line 16.
 1 APPPATH/Views/upload_form.php(16): CodeIgniter\Debug\Exceptions->errorHandler()
 2 SYSTEMPATH/View/View.php(213): include('APPPATH/Views/upload_form.php')
 3 SYSTEMPATH/View/View.php(216): CodeIgniter\View\View->CodeIgniter\View\{closure}()
 4 SYSTEMPATH/Common.php(1184): CodeIgniter\View\View->render()
 5 APPPATH/Controllers/Upload.php(10): view()
 6 SYSTEMPATH/CodeIgniter.php(934): App\Controllers\Upload->index()
 7 SYSTEMPATH/CodeIgniter.php(499): CodeIgniter\CodeIgniter->runController()
 8 SYSTEMPATH/CodeIgniter.php(368): CodeIgniter\CodeIgniter->handleRequest()
 9 FCPATH/index.php(67): CodeIgniter\CodeIgniter->run()
CRITICAL - 2023-05-01 06:05:01 --> Undefined variable $postUsername
in APPPATH/Views/upload_form.php on line 14.
 1 APPPATH/Views/upload_form.php(14): CodeIgniter\Debug\Exceptions->errorHandler()
 2 SYSTEMPATH/View/View.php(213): include('APPPATH/Views/upload_form.php')
 3 SYSTEMPATH/View/View.php(216): CodeIgniter\View\View->CodeIgniter\View\{closure}()
 4 SYSTEMPATH/Common.php(1184): CodeIgniter\View\View->render()
 5 APPPATH/Controllers/Upload.php(10): view()
 6 SYSTEMPATH/CodeIgniter.php(934): App\Controllers\Upload->index()
 7 SYSTEMPATH/CodeIgniter.php(499): CodeIgniter\CodeIgniter->runController()
 8 SYSTEMPATH/CodeIgniter.php(368): CodeIgniter\CodeIgniter->handleRequest()
 9 FCPATH/index.php(67): CodeIgniter\CodeIgniter->run()
CRITICAL - 2023-05-01 06:08:03 --> view(): Argument #2 ($data) must be of type array, string given, called in /var/www/htdocs/asm/app/Controllers/Upload.php on line 10
in SYSTEMPATH/Common.php on line 1172.
 1 APPPATH/Controllers/Upload.php(10): view()
 2 SYSTEMPATH/CodeIgniter.php(934): App\Controllers\Upload->index()
 3 SYSTEMPATH/CodeIgniter.php(499): CodeIgniter\CodeIgniter->runController()
 4 SYSTEMPATH/CodeIgniter.php(368): CodeIgniter\CodeIgniter->handleRequest()
 5 FCPATH/index.php(67): CodeIgniter\CodeIgniter->run()
CRITICAL - 2023-05-01 06:26:24 --> File not found: "/var/www/htdocs/asm/writable/uploads/20230410121220_1.jpg"
in SYSTEMPATH/Files/File.php on line 47.
 1 SYSTEMPATH/Files/File.php(47): CodeIgniter\Files\Exceptions\FileNotFoundException::forFileNotFound()
 2 SYSTEMPATH/Images/Handlers/BaseHandler.php(148): CodeIgniter\Files\File->__construct()
 3 APPPATH/Controllers/User_Images.php(19): CodeIgniter\Images\Handlers\BaseHandler->withFile()
 4 SYSTEMPATH/CodeIgniter.php(934): App\Controllers\User_Images->index()
 5 SYSTEMPATH/CodeIgniter.php(499): CodeIgniter\CodeIgniter->runController()
 6 SYSTEMPATH/CodeIgniter.php(368): CodeIgniter\CodeIgniter->handleRequest()
 7 FCPATH/index.php(67): CodeIgniter\CodeIgniter->run()
CRITICAL - 2023-05-01 06:54:42 --> Invalid file: "user_images.php"
in SYSTEMPATH/Exceptions/FrameworkException.php on line 33.
 1 SYSTEMPATH/View/View.php(201): CodeIgniter\Exceptions\FrameworkException::forInvalidFile()
 2 SYSTEMPATH/Common.php(1184): CodeIgniter\View\View->render()
 3 APPPATH/Controllers/Upload.php(43): view()
 4 SYSTEMPATH/CodeIgniter.php(934): App\Controllers\Upload->upload_file()
 5 SYSTEMPATH/CodeIgniter.php(499): CodeIgniter\CodeIgniter->runController()
 6 SYSTEMPATH/CodeIgniter.php(368): CodeIgniter\CodeIgniter->handleRequest()
 7 FCPATH/index.php(67): CodeIgniter\CodeIgniter->run()
CRITICAL - 2023-05-01 08:00:29 --> File not found: "https://infs3202-332c22e4.uqcloud.net/asm/writable/uploads/644f718b1ab6b_20230410121220_1.jpg"
in SYSTEMPATH/Files/File.php on line 47.
 1 SYSTEMPATH/Files/File.php(47): CodeIgniter\Files\Exceptions\FileNotFoundException::forFileNotFound()
 2 SYSTEMPATH/Images/Handlers/BaseHandler.php(148): CodeIgniter\Files\File->__construct()
 3 APPPATH/Views/user_images.php(14): CodeIgniter\Images\Handlers\BaseHandler->withFile()
 4 SYSTEMPATH/View/View.php(213): include('APPPATH/Views/user_images.php')
 5 SYSTEMPATH/View/View.php(216): CodeIgniter\View\View->CodeIgniter\View\{closure}()
 6 SYSTEMPATH/Common.php(1184): CodeIgniter\View\View->render()
 7 APPPATH/Controllers/User_Images.php(30): view()
 8 SYSTEMPATH/CodeIgniter.php(934): App\Controllers\User_Images->index()
 9 SYSTEMPATH/CodeIgniter.php(499): CodeIgniter\CodeIgniter->runController()
10 SYSTEMPATH/CodeIgniter.php(368): CodeIgniter\CodeIgniter->handleRequest()
11 FCPATH/index.php(67): CodeIgniter\CodeIgniter->run()
CRITICAL - 2023-05-01 08:12:04 --> File not found: "https://infs3202-332c22e4.uqcloud.net/asm/writable/uploads/644f718b1ab6b_20230410121220_1.jpg"
in SYSTEMPATH/Files/File.php on line 47.
 1 SYSTEMPATH/Files/File.php(47): CodeIgniter\Files\Exceptions\FileNotFoundException::forFileNotFound()
 2 SYSTEMPATH/Images/Handlers/BaseHandler.php(148): CodeIgniter\Files\File->__construct()
 3 APPPATH/Views/user_images.php(14): CodeIgniter\Images\Handlers\BaseHandler->withFile()
 4 SYSTEMPATH/View/View.php(213): include('APPPATH/Views/user_images.php')
 5 SYSTEMPATH/View/View.php(216): CodeIgniter\View\View->CodeIgniter\View\{closure}()
 6 SYSTEMPATH/Common.php(1184): CodeIgniter\View\View->render()
 7 APPPATH/Controllers/User_Images.php(30): view()
 8 SYSTEMPATH/CodeIgniter.php(934): App\Controllers\User_Images->index()
 9 SYSTEMPATH/CodeIgniter.php(499): CodeIgniter\CodeIgniter->runController()
10 SYSTEMPATH/CodeIgniter.php(368): CodeIgniter\CodeIgniter->handleRequest()
11 FCPATH/index.php(67): CodeIgniter\CodeIgniter->run()
CRITICAL - 2023-05-01 08:12:05 --> File not found: "https://infs3202-332c22e4.uqcloud.net/asm/writable/uploads/644f718b1ab6b_20230410121220_1.jpg"
in SYSTEMPATH/Files/File.php on line 47.
 1 SYSTEMPATH/Files/File.php(47): CodeIgniter\Files\Exceptions\FileNotFoundException::forFileNotFound()
 2 SYSTEMPATH/Images/Handlers/BaseHandler.php(148): CodeIgniter\Files\File->__construct()
 3 APPPATH/Views/user_images.php(14): CodeIgniter\Images\Handlers\BaseHandler->withFile()
 4 SYSTEMPATH/View/View.php(213): include('APPPATH/Views/user_images.php')
 5 SYSTEMPATH/View/View.php(216): CodeIgniter\View\View->CodeIgniter\View\{closure}()
 6 SYSTEMPATH/Common.php(1184): CodeIgniter\View\View->render()
 7 APPPATH/Controllers/User_Images.php(30): view()
 8 SYSTEMPATH/CodeIgniter.php(934): App\Controllers\User_Images->index()
 9 SYSTEMPATH/CodeIgniter.php(499): CodeIgniter\CodeIgniter->runController()
10 SYSTEMPATH/CodeIgniter.php(368): CodeIgniter\CodeIgniter->handleRequest()
11 FCPATH/index.php(67): CodeIgniter\CodeIgniter->run()
CRITICAL - 2023-05-01 08:14:53 --> File not found: "https://infs3202-332c22e4.uqcloud.net/asm/writable/uploads/644f718b1ab6b_20230410121220_1.jpg"
in SYSTEMPATH/Files/File.php on line 47.
 1 SYSTEMPATH/Files/File.php(47): CodeIgniter\Files\Exceptions\FileNotFoundException::forFileNotFound()
 2 SYSTEMPATH/Images/Handlers/BaseHandler.php(148): CodeIgniter\Files\File->__construct()
 3 APPPATH/Views/user_images.php(14): CodeIgniter\Images\Handlers\BaseHandler->withFile()
 4 SYSTEMPATH/View/View.php(213): include('APPPATH/Views/user_images.php')
 5 SYSTEMPATH/View/View.php(216): CodeIgniter\View\View->CodeIgniter\View\{closure}()
 6 SYSTEMPATH/Common.php(1184): CodeIgniter\View\View->render()
 7 APPPATH/Controllers/User_Images.php(29): view()
 8 SYSTEMPATH/CodeIgniter.php(934): App\Controllers\User_Images->index()
 9 SYSTEMPATH/CodeIgniter.php(499): CodeIgniter\CodeIgniter->runController()
10 SYSTEMPATH/CodeIgniter.php(368): CodeIgniter\CodeIgniter->handleRequest()
11 FCPATH/index.php(67): CodeIgniter\CodeIgniter->run()
CRITICAL - 2023-05-01 08:15:49 --> File not found: "/var/www/htdocs/asm/writable/uploads/https://infs3202-332c22e4.uqcloud.net/asm/writable/uploads/644f718b1ab6b_20230410121220_1.jpg"
in SYSTEMPATH/Files/File.php on line 47.
 1 SYSTEMPATH/Files/File.php(47): CodeIgniter\Files\Exceptions\FileNotFoundException::forFileNotFound()
 2 SYSTEMPATH/Images/Handlers/BaseHandler.php(148): CodeIgniter\Files\File->__construct()
 3 APPPATH/Views/user_images.php(15): CodeIgniter\Images\Handlers\BaseHandler->withFile()
 4 SYSTEMPATH/View/View.php(213): include('APPPATH/Views/user_images.php')
 5 SYSTEMPATH/View/View.php(216): CodeIgniter\View\View->CodeIgniter\View\{closure}()
 6 SYSTEMPATH/Common.php(1184): CodeIgniter\View\View->render()
 7 APPPATH/Controllers/User_Images.php(29): view()
 8 SYSTEMPATH/CodeIgniter.php(934): App\Controllers\User_Images->index()
 9 SYSTEMPATH/CodeIgniter.php(499): CodeIgniter\CodeIgniter->runController()
10 SYSTEMPATH/CodeIgniter.php(368): CodeIgniter\CodeIgniter->handleRequest()
11 FCPATH/index.php(67): CodeIgniter\CodeIgniter->run()
CRITICAL - 2023-05-01 08:15:50 --> File not found: "/var/www/htdocs/asm/writable/uploads/https://infs3202-332c22e4.uqcloud.net/asm/writable/uploads/644f718b1ab6b_20230410121220_1.jpg"
in SYSTEMPATH/Files/File.php on line 47.
 1 SYSTEMPATH/Files/File.php(47): CodeIgniter\Files\Exceptions\FileNotFoundException::forFileNotFound()
 2 SYSTEMPATH/Images/Handlers/BaseHandler.php(148): CodeIgniter\Files\File->__construct()
 3 APPPATH/Views/user_images.php(15): CodeIgniter\Images\Handlers\BaseHandler->withFile()
 4 SYSTEMPATH/View/View.php(213): include('APPPATH/Views/user_images.php')
 5 SYSTEMPATH/View/View.php(216): CodeIgniter\View\View->CodeIgniter\View\{closure}()
 6 SYSTEMPATH/Common.php(1184): CodeIgniter\View\View->render()
 7 APPPATH/Controllers/User_Images.php(29): view()
 8 SYSTEMPATH/CodeIgniter.php(934): App\Controllers\User_Images->index()
 9 SYSTEMPATH/CodeIgniter.php(499): CodeIgniter\CodeIgniter->runController()
10 SYSTEMPATH/CodeIgniter.php(368): CodeIgniter\CodeIgniter->handleRequest()
11 FCPATH/index.php(67): CodeIgniter\CodeIgniter->run()
CRITICAL - 2023-05-01 08:15:55 --> File not found: "/var/www/htdocs/asm/writable/uploads/https://infs3202-332c22e4.uqcloud.net/asm/writable/uploads/644f718b1ab6b_20230410121220_1.jpg"
in SYSTEMPATH/Files/File.php on line 47.
 1 SYSTEMPATH/Files/File.php(47): CodeIgniter\Files\Exceptions\FileNotFoundException::forFileNotFound()
 2 SYSTEMPATH/Images/Handlers/BaseHandler.php(148): CodeIgniter\Files\File->__construct()
 3 APPPATH/Views/user_images.php(15): CodeIgniter\Images\Handlers\BaseHandler->withFile()
 4 SYSTEMPATH/View/View.php(213): include('APPPATH/Views/user_images.php')
 5 SYSTEMPATH/View/View.php(216): CodeIgniter\View\View->CodeIgniter\View\{closure}()
 6 SYSTEMPATH/Common.php(1184): CodeIgniter\View\View->render()
 7 APPPATH/Controllers/User_Images.php(29): view()
 8 SYSTEMPATH/CodeIgniter.php(934): App\Controllers\User_Images->index()
 9 SYSTEMPATH/CodeIgniter.php(499): CodeIgniter\CodeIgniter->runController()
10 SYSTEMPATH/CodeIgniter.php(368): CodeIgniter\CodeIgniter->handleRequest()
11 FCPATH/index.php(67): CodeIgniter\CodeIgniter->run()
CRITICAL - 2023-05-01 08:17:53 --> File not found: "/var/www/htdocs/asm/writable/uploads/https://infs3202-332c22e4.uqcloud.net/asm/writable/uploads/644f718b1ab6b_20230410121220_1.jpg"
in SYSTEMPATH/Files/File.php on line 47.
 1 SYSTEMPATH/Files/File.php(47): CodeIgniter\Files\Exceptions\FileNotFoundException::forFileNotFound()
 2 SYSTEMPATH/Images/Handlers/BaseHandler.php(148): CodeIgniter\Files\File->__construct()
 3 APPPATH/Views/user_images.php(15): CodeIgniter\Images\Handlers\BaseHandler->withFile()
 4 SYSTEMPATH/View/View.php(213): include('APPPATH/Views/user_images.php')
 5 SYSTEMPATH/View/View.php(216): CodeIgniter\View\View->CodeIgniter\View\{closure}()
 6 SYSTEMPATH/Common.php(1184): CodeIgniter\View\View->render()
 7 APPPATH/Controllers/User_Images.php(29): view()
 8 SYSTEMPATH/CodeIgniter.php(934): App\Controllers\User_Images->index()
 9 SYSTEMPATH/CodeIgniter.php(499): CodeIgniter\CodeIgniter->runController()
10 SYSTEMPATH/CodeIgniter.php(368): CodeIgniter\CodeIgniter->handleRequest()
11 FCPATH/index.php(67): CodeIgniter\CodeIgniter->run()
CRITICAL - 2023-05-01 08:17:55 --> File not found: "/var/www/htdocs/asm/writable/uploads/https://infs3202-332c22e4.uqcloud.net/asm/writable/uploads/644f718b1ab6b_20230410121220_1.jpg"
in SYSTEMPATH/Files/File.php on line 47.
 1 SYSTEMPATH/Files/File.php(47): CodeIgniter\Files\Exceptions\FileNotFoundException::forFileNotFound()
 2 SYSTEMPATH/Images/Handlers/BaseHandler.php(148): CodeIgniter\Files\File->__construct()
 3 APPPATH/Views/user_images.php(15): CodeIgniter\Images\Handlers\BaseHandler->withFile()
 4 SYSTEMPATH/View/View.php(213): include('APPPATH/Views/user_images.php')
 5 SYSTEMPATH/View/View.php(216): CodeIgniter\View\View->CodeIgniter\View\{closure}()
 6 SYSTEMPATH/Common.php(1184): CodeIgniter\View\View->render()
 7 APPPATH/Controllers/User_Images.php(29): view()
 8 SYSTEMPATH/CodeIgniter.php(934): App\Controllers\User_Images->index()
 9 SYSTEMPATH/CodeIgniter.php(499): CodeIgniter\CodeIgniter->runController()
10 SYSTEMPATH/CodeIgniter.php(368): CodeIgniter\CodeIgniter->handleRequest()
11 FCPATH/index.php(67): CodeIgniter\CodeIgniter->run()
CRITICAL - 2023-05-01 08:17:56 --> File not found: "/var/www/htdocs/asm/writable/uploads/https://infs3202-332c22e4.uqcloud.net/asm/writable/uploads/644f718b1ab6b_20230410121220_1.jpg"
in SYSTEMPATH/Files/File.php on line 47.
 1 SYSTEMPATH/Files/File.php(47): CodeIgniter\Files\Exceptions\FileNotFoundException::forFileNotFound()
 2 SYSTEMPATH/Images/Handlers/BaseHandler.php(148): CodeIgniter\Files\File->__construct()
 3 APPPATH/Views/user_images.php(15): CodeIgniter\Images\Handlers\BaseHandler->withFile()
 4 SYSTEMPATH/View/View.php(213): include('APPPATH/Views/user_images.php')
 5 SYSTEMPATH/View/View.php(216): CodeIgniter\View\View->CodeIgniter\View\{closure}()
 6 SYSTEMPATH/Common.php(1184): CodeIgniter\View\View->render()
 7 APPPATH/Controllers/User_Images.php(29): view()
 8 SYSTEMPATH/CodeIgniter.php(934): App\Controllers\User_Images->index()
 9 SYSTEMPATH/CodeIgniter.php(499): CodeIgniter\CodeIgniter->runController()
10 SYSTEMPATH/CodeIgniter.php(368): CodeIgniter\CodeIgniter->handleRequest()
11 FCPATH/index.php(67): CodeIgniter\CodeIgniter->run()
CRITICAL - 2023-05-01 08:18:08 --> File not found: "/var/www/htdocs/asm/writable/uploads/https://infs3202-332c22e4.uqcloud.net/asm/writable/uploads/644f718b1ab6b_20230410121220_1.jpg"
in SYSTEMPATH/Files/File.php on line 47.
 1 SYSTEMPATH/Files/File.php(47): CodeIgniter\Files\Exceptions\FileNotFoundException::forFileNotFound()
 2 SYSTEMPATH/Images/Handlers/BaseHandler.php(148): CodeIgniter\Files\File->__construct()
 3 APPPATH/Views/user_images.php(15): CodeIgniter\Images\Handlers\BaseHandler->withFile()
 4 SYSTEMPATH/View/View.php(213): include('APPPATH/Views/user_images.php')
 5 SYSTEMPATH/View/View.php(216): CodeIgniter\View\View->CodeIgniter\View\{closure}()
 6 SYSTEMPATH/Common.php(1184): CodeIgniter\View\View->render()
 7 APPPATH/Controllers/User_Images.php(29): view()
 8 SYSTEMPATH/CodeIgniter.php(934): App\Controllers\User_Images->index()
 9 SYSTEMPATH/CodeIgniter.php(499): CodeIgniter\CodeIgniter->runController()
10 SYSTEMPATH/CodeIgniter.php(368): CodeIgniter\CodeIgniter->handleRequest()
11 FCPATH/index.php(67): CodeIgniter\CodeIgniter->run()
CRITICAL - 2023-05-01 08:18:09 --> File not found: "/var/www/htdocs/asm/writable/uploads/https://infs3202-332c22e4.uqcloud.net/asm/writable/uploads/644f718b1ab6b_20230410121220_1.jpg"
in SYSTEMPATH/Files/File.php on line 47.
 1 SYSTEMPATH/Files/File.php(47): CodeIgniter\Files\Exceptions\FileNotFoundException::forFileNotFound()
 2 SYSTEMPATH/Images/Handlers/BaseHandler.php(148): CodeIgniter\Files\File->__construct()
 3 APPPATH/Views/user_images.php(15): CodeIgniter\Images\Handlers\BaseHandler->withFile()
 4 SYSTEMPATH/View/View.php(213): include('APPPATH/Views/user_images.php')
 5 SYSTEMPATH/View/View.php(216): CodeIgniter\View\View->CodeIgniter\View\{closure}()
 6 SYSTEMPATH/Common.php(1184): CodeIgniter\View\View->render()
 7 APPPATH/Controllers/User_Images.php(29): view()
 8 SYSTEMPATH/CodeIgniter.php(934): App\Controllers\User_Images->index()
 9 SYSTEMPATH/CodeIgniter.php(499): CodeIgniter\CodeIgniter->runController()
10 SYSTEMPATH/CodeIgniter.php(368): CodeIgniter\CodeIgniter->handleRequest()
11 FCPATH/index.php(67): CodeIgniter\CodeIgniter->run()
CRITICAL - 2023-05-01 08:18:23 --> File not found: "/var/www/htdocs/asm/writable/uploads/https://infs3202-332c22e4.uqcloud.net/asm/writable/uploads/644f718b1ab6b_20230410121220_1.jpg"
in SYSTEMPATH/Files/File.php on line 47.
 1 SYSTEMPATH/Files/File.php(47): CodeIgniter\Files\Exceptions\FileNotFoundException::forFileNotFound()
 2 SYSTEMPATH/Images/Handlers/BaseHandler.php(148): CodeIgniter\Files\File->__construct()
 3 APPPATH/Views/user_images.php(15): CodeIgniter\Images\Handlers\BaseHandler->withFile()
 4 SYSTEMPATH/View/View.php(213): include('APPPATH/Views/user_images.php')
 5 SYSTEMPATH/View/View.php(216): CodeIgniter\View\View->CodeIgniter\View\{closure}()
 6 SYSTEMPATH/Common.php(1184): CodeIgniter\View\View->render()
 7 APPPATH/Controllers/User_Images.php(29): view()
 8 SYSTEMPATH/CodeIgniter.php(934): App\Controllers\User_Images->index()
 9 SYSTEMPATH/CodeIgniter.php(499): CodeIgniter\CodeIgniter->runController()
10 SYSTEMPATH/CodeIgniter.php(368): CodeIgniter\CodeIgniter->handleRequest()
11 FCPATH/index.php(67): CodeIgniter\CodeIgniter->run()
CRITICAL - 2023-05-01 08:18:24 --> File not found: "/var/www/htdocs/asm/writable/uploads/https://infs3202-332c22e4.uqcloud.net/asm/writable/uploads/644f718b1ab6b_20230410121220_1.jpg"
in SYSTEMPATH/Files/File.php on line 47.
 1 SYSTEMPATH/Files/File.php(47): CodeIgniter\Files\Exceptions\FileNotFoundException::forFileNotFound()
 2 SYSTEMPATH/Images/Handlers/BaseHandler.php(148): CodeIgniter\Files\File->__construct()
 3 APPPATH/Views/user_images.php(15): CodeIgniter\Images\Handlers\BaseHandler->withFile()
 4 SYSTEMPATH/View/View.php(213): include('APPPATH/Views/user_images.php')
 5 SYSTEMPATH/View/View.php(216): CodeIgniter\View\View->CodeIgniter\View\{closure}()
 6 SYSTEMPATH/Common.php(1184): CodeIgniter\View\View->render()
 7 APPPATH/Controllers/User_Images.php(29): view()
 8 SYSTEMPATH/CodeIgniter.php(934): App\Controllers\User_Images->index()
 9 SYSTEMPATH/CodeIgniter.php(499): CodeIgniter\CodeIgniter->runController()
10 SYSTEMPATH/CodeIgniter.php(368): CodeIgniter\CodeIgniter->handleRequest()
11 FCPATH/index.php(67): CodeIgniter\CodeIgniter->run()
CRITICAL - 2023-05-01 08:23:10 --> File not found: "/var/www/htdocs/asm/writable/uploads/https://infs3202-332c22e4.uqcloud.net/asm/writable/uploads/644f718b1ab6b_20230410121220_1.jpg"
in SYSTEMPATH/Files/File.php on line 47.
 1 SYSTEMPATH/Files/File.php(47): CodeIgniter\Files\Exceptions\FileNotFoundException::forFileNotFound()
 2 SYSTEMPATH/Images/Handlers/BaseHandler.php(148): CodeIgniter\Files\File->__construct()
 3 APPPATH/Views/user_images.php(15): CodeIgniter\Images\Handlers\BaseHandler->withFile()
 4 SYSTEMPATH/View/View.php(213): include('APPPATH/Views/user_images.php')
 5 SYSTEMPATH/View/View.php(216): CodeIgniter\View\View->CodeIgniter\View\{closure}()
 6 SYSTEMPATH/Common.php(1184): CodeIgniter\View\View->render()
 7 APPPATH/Controllers/User_Images.php(29): view()
 8 SYSTEMPATH/CodeIgniter.php(934): App\Controllers\User_Images->index()
 9 SYSTEMPATH/CodeIgniter.php(499): CodeIgniter\CodeIgniter->runController()
10 SYSTEMPATH/CodeIgniter.php(368): CodeIgniter\CodeIgniter->handleRequest()
11 FCPATH/index.php(67): CodeIgniter\CodeIgniter->run()
CRITICAL - 2023-05-01 08:23:12 --> File not found: "/var/www/htdocs/asm/writable/uploads/https://infs3202-332c22e4.uqcloud.net/asm/writable/uploads/644f718b1ab6b_20230410121220_1.jpg"
in SYSTEMPATH/Files/File.php on line 47.
 1 SYSTEMPATH/Files/File.php(47): CodeIgniter\Files\Exceptions\FileNotFoundException::forFileNotFound()
 2 SYSTEMPATH/Images/Handlers/BaseHandler.php(148): CodeIgniter\Files\File->__construct()
 3 APPPATH/Views/user_images.php(15): CodeIgniter\Images\Handlers\BaseHandler->withFile()
 4 SYSTEMPATH/View/View.php(213): include('APPPATH/Views/user_images.php')
 5 SYSTEMPATH/View/View.php(216): CodeIgniter\View\View->CodeIgniter\View\{closure}()
 6 SYSTEMPATH/Common.php(1184): CodeIgniter\View\View->render()
 7 APPPATH/Controllers/User_Images.php(29): view()
 8 SYSTEMPATH/CodeIgniter.php(934): App\Controllers\User_Images->index()
 9 SYSTEMPATH/CodeIgniter.php(499): CodeIgniter\CodeIgniter->runController()
10 SYSTEMPATH/CodeIgniter.php(368): CodeIgniter\CodeIgniter->handleRequest()
11 FCPATH/index.php(67): CodeIgniter\CodeIgniter->run()
CRITICAL - 2023-05-01 08:46:26 --> File not found: "/var/www/htdocs/asm/writable/uploads/https://infs3202-332c22e4.uqcloud.net/asm/writable/uploads/644f718b1ab6b_20230410121220_1.jpg"
in SYSTEMPATH/Files/File.php on line 47.
 1 SYSTEMPATH/Files/File.php(47): CodeIgniter\Files\Exceptions\FileNotFoundException::forFileNotFound()
 2 SYSTEMPATH/Images/Handlers/BaseHandler.php(148): CodeIgniter\Files\File->__construct()
 3 APPPATH/Views/user_images.php(15): CodeIgniter\Images\Handlers\BaseHandler->withFile()
 4 SYSTEMPATH/View/View.php(213): include('APPPATH/Views/user_images.php')
 5 SYSTEMPATH/View/View.php(216): CodeIgniter\View\View->CodeIgniter\View\{closure}()
 6 SYSTEMPATH/Common.php(1184): CodeIgniter\View\View->render()
 7 APPPATH/Controllers/User_Images.php(29): view()
 8 SYSTEMPATH/CodeIgniter.php(934): App\Controllers\User_Images->index()
 9 SYSTEMPATH/CodeIgniter.php(499): CodeIgniter\CodeIgniter->runController()
10 SYSTEMPATH/CodeIgniter.php(368): CodeIgniter\CodeIgniter->handleRequest()
11 FCPATH/index.php(67): CodeIgniter\CodeIgniter->run()
