CRITICAL - 2023-04-03 03:04:13 --> Class "app\Models\Create_Account_model" not found
in APPPATH/Controllers/Create_Account.php on line 36.
 1 SYSTEMPATH/CodeIgniter.php(934): App\Controllers\Create_Account->create_account()
 2 SYSTEMPATH/CodeIgniter.php(499): CodeIgniter\CodeIgniter->runController()
 3 SYSTEMPATH/CodeIgniter.php(368): CodeIgniter\CodeIgniter->handleRequest()
 4 FCPATH/index.php(67): CodeIgniter\CodeIgniter->run()
CRITICAL - 2023-04-03 04:48:55 --> Class "app\Models\Create_Account_model" not found
in APPPATH/Controllers/Create_Account.php on line 36.
 1 SYSTEMPATH/CodeIgniter.php(934): App\Controllers\Create_Account->create_account()
 2 SYSTEMPATH/CodeIgniter.php(499): CodeIgniter\CodeIgniter->runController()
 3 SYSTEMPATH/CodeIgniter.php(368): CodeIgniter\CodeIgniter->handleRequest()
 4 FCPATH/index.php(67): CodeIgniter\CodeIgniter->run()
CRITICAL - 2023-04-03 05:06:03 --> Class "app\Models\Create_Account_model" not found
in APPPATH/Controllers/Create_Account.php on line 45.
 1 SYSTEMPATH/CodeIgniter.php(934): App\Controllers\Create_Account->create_account()
 2 SYSTEMPATH/CodeIgniter.php(499): CodeIgniter\CodeIgniter->runController()
 3 SYSTEMPATH/CodeIgniter.php(368): CodeIgniter\CodeIgniter->handleRequest()
 4 FCPATH/index.php(67): CodeIgniter\CodeIgniter->run()
CRITICAL - 2023-04-03 05:10:05 --> Class "app\Models\Create_Account_model" not found
in APPPATH/Controllers/Create_Account.php on line 45.
 1 SYSTEMPATH/CodeIgniter.php(934): App\Controllers\Create_Account->create_account()
 2 SYSTEMPATH/CodeIgniter.php(499): CodeIgniter\CodeIgniter->runController()
 3 SYSTEMPATH/CodeIgniter.php(368): CodeIgniter\CodeIgniter->handleRequest()
 4 FCPATH/index.php(67): CodeIgniter\CodeIgniter->run()
CRITICAL - 2023-04-03 06:32:26 --> Undefined variable $model
in APPPATH/Controllers/Create_Account.php on line 51.
 1 APPPATH/Controllers/Create_Account.php(51): CodeIgniter\Debug\Exceptions->errorHandler()
 2 SYSTEMPATH/CodeIgniter.php(934): App\Controllers\Create_Account->create_account()
 3 SYSTEMPATH/CodeIgniter.php(499): CodeIgniter\CodeIgniter->runController()
 4 SYSTEMPATH/CodeIgniter.php(368): CodeIgniter\CodeIgniter->handleRequest()
 5 FCPATH/index.php(67): CodeIgniter\CodeIgniter->run()
CRITICAL - 2023-04-03 06:34:28 --> Undefined variable $model
in APPPATH/Controllers/Create_Account.php on line 51.
 1 APPPATH/Controllers/Create_Account.php(51): CodeIgniter\Debug\Exceptions->errorHandler()
 2 SYSTEMPATH/CodeIgniter.php(934): App\Controllers\Create_Account->create_account()
 3 SYSTEMPATH/CodeIgniter.php(499): CodeIgniter\CodeIgniter->runController()
 4 SYSTEMPATH/CodeIgniter.php(368): CodeIgniter\CodeIgniter->handleRequest()
 5 FCPATH/index.php(67): CodeIgniter\CodeIgniter->run()
CRITICAL - 2023-04-03 06:34:44 --> Too few arguments to function App\Models\Create_Account_model::create_account(), 1 passed in /var/www/htdocs/asm/app/Controllers/Create_Account.php on line 51 and exactly 6 expected
in APPPATH/Models/Create_Account_model.php on line 9.
 1 APPPATH/Controllers/Create_Account.php(51): App\Models\Create_Account_model->create_account()
 2 SYSTEMPATH/CodeIgniter.php(934): App\Controllers\Create_Account->create_account()
 3 SYSTEMPATH/CodeIgniter.php(499): CodeIgniter\CodeIgniter->runController()
 4 SYSTEMPATH/CodeIgniter.php(368): CodeIgniter\CodeIgniter->handleRequest()
 5 FCPATH/index.php(67): CodeIgniter\CodeIgniter->run()
ERROR - 2023-04-03 06:35:54 --> mysqli_sql_exception: Unknown column '$username' in 'where clause' in /var/www/htdocs/asm/system/Database/MySQLi/Connection.php:295
Stack trace:
#0 /var/www/htdocs/asm/system/Database/MySQLi/Connection.php(295): mysqli->query()
#1 /var/www/htdocs/asm/system/Database/BaseConnection.php(691): CodeIgniter\Database\MySQLi\Connection->execute()
#2 /var/www/htdocs/asm/system/Database/BaseConnection.php(605): CodeIgniter\Database\BaseConnection->simpleQuery()
#3 /var/www/htdocs/asm/app/Models/Create_Account_model.php(20): CodeIgniter\Database\BaseConnection->query()
#4 /var/www/htdocs/asm/app/Controllers/Create_Account.php(43): App\Models\Create_Account_model->create_account()
#5 /var/www/htdocs/asm/system/CodeIgniter.php(934): App\Controllers\Create_Account->create_account()
#6 /var/www/htdocs/asm/system/CodeIgniter.php(499): CodeIgniter\CodeIgniter->runController()
#7 /var/www/htdocs/asm/system/CodeIgniter.php(368): CodeIgniter\CodeIgniter->handleRequest()
#8 /var/www/htdocs/asm/public/index.php(67): CodeIgniter\CodeIgniter->run()
#9 {main}
CRITICAL - 2023-04-03 06:35:54 --> Unknown column '$username' in 'where clause'
in SYSTEMPATH/Database/BaseConnection.php on line 645.
 1 APPPATH/Models/Create_Account_model.php(20): CodeIgniter\Database\BaseConnection->query()
 2 APPPATH/Controllers/Create_Account.php(43): App\Models\Create_Account_model->create_account()
 3 SYSTEMPATH/CodeIgniter.php(934): App\Controllers\Create_Account->create_account()
 4 SYSTEMPATH/CodeIgniter.php(499): CodeIgniter\CodeIgniter->runController()
 5 SYSTEMPATH/CodeIgniter.php(368): CodeIgniter\CodeIgniter->handleRequest()
 6 FCPATH/index.php(67): CodeIgniter\CodeIgniter->run()
CRITICAL - 2023-04-03 06:40:07 --> Call to undefined method CodeIgniter\Database\MySQLi\Result::num_rows()
in APPPATH/Models/Create_Account_model.php on line 24.
 1 APPPATH/Controllers/Create_Account.php(43): App\Models\Create_Account_model->create_account()
 2 SYSTEMPATH/CodeIgniter.php(934): App\Controllers\Create_Account->create_account()
 3 SYSTEMPATH/CodeIgniter.php(499): CodeIgniter\CodeIgniter->runController()
 4 SYSTEMPATH/CodeIgniter.php(368): CodeIgniter\CodeIgniter->handleRequest()
 5 FCPATH/index.php(67): CodeIgniter\CodeIgniter->run()
CRITICAL - 2023-04-03 10:26:43 --> Call to undefined method CodeIgniter\Database\MySQLi\Result::countAll()
in APPPATH/Models/Create_Account_model.php on line 23.
 1 APPPATH/Controllers/Create_Account.php(43): App\Models\Create_Account_model->create_account()
 2 SYSTEMPATH/CodeIgniter.php(934): App\Controllers\Create_Account->create_account()
 3 SYSTEMPATH/CodeIgniter.php(499): CodeIgniter\CodeIgniter->runController()
 4 SYSTEMPATH/CodeIgniter.php(368): CodeIgniter\CodeIgniter->handleRequest()
 5 FCPATH/index.php(67): CodeIgniter\CodeIgniter->run()
ERROR - 2023-04-03 10:48:32 --> mysqli_sql_exception: Unknown column 'sa1' in 'field list' in /var/www/htdocs/asm/system/Database/MySQLi/Connection.php:295
Stack trace:
#0 /var/www/htdocs/asm/system/Database/MySQLi/Connection.php(295): mysqli->query()
#1 /var/www/htdocs/asm/system/Database/BaseConnection.php(691): CodeIgniter\Database\MySQLi\Connection->execute()
#2 /var/www/htdocs/asm/system/Database/BaseConnection.php(605): CodeIgniter\Database\BaseConnection->simpleQuery()
#3 /var/www/htdocs/asm/system/Database/BaseBuilder.php(2309): CodeIgniter\Database\BaseConnection->query()
#4 /var/www/htdocs/asm/app/Models/Create_Account_model.php(22): CodeIgniter\Database\BaseBuilder->insert()
#5 /var/www/htdocs/asm/app/Controllers/Create_Account.php(43): App\Models\Create_Account_model->create_account()
#6 /var/www/htdocs/asm/system/CodeIgniter.php(934): App\Controllers\Create_Account->create_account()
#7 /var/www/htdocs/asm/system/CodeIgniter.php(499): CodeIgniter\CodeIgniter->runController()
#8 /var/www/htdocs/asm/system/CodeIgniter.php(368): CodeIgniter\CodeIgniter->handleRequest()
#9 /var/www/htdocs/asm/public/index.php(67): CodeIgniter\CodeIgniter->run()
#10 {main}
CRITICAL - 2023-04-03 10:48:32 --> Unknown column 'sa1' in 'field list'
in SYSTEMPATH/Database/BaseConnection.php on line 645.
 1 SYSTEMPATH/Database/BaseBuilder.php(2309): CodeIgniter\Database\BaseConnection->query()
 2 APPPATH/Models/Create_Account_model.php(22): CodeIgniter\Database\BaseBuilder->insert()
 3 APPPATH/Controllers/Create_Account.php(43): App\Models\Create_Account_model->create_account()
 4 SYSTEMPATH/CodeIgniter.php(934): App\Controllers\Create_Account->create_account()
 5 SYSTEMPATH/CodeIgniter.php(499): CodeIgniter\CodeIgniter->runController()
 6 SYSTEMPATH/CodeIgniter.php(368): CodeIgniter\CodeIgniter->handleRequest()
 7 FCPATH/index.php(67): CodeIgniter\CodeIgniter->run()
ERROR - 2023-04-03 10:48:32 --> mysqli_sql_exception: Unknown column 'sa1' in 'field list' in /var/www/htdocs/asm/system/Database/MySQLi/Connection.php:295
Stack trace:
#0 /var/www/htdocs/asm/system/Database/MySQLi/Connection.php(295): mysqli->query()
#1 /var/www/htdocs/asm/system/Database/BaseConnection.php(691): CodeIgniter\Database\MySQLi\Connection->execute()
#2 /var/www/htdocs/asm/system/Database/BaseConnection.php(605): CodeIgniter\Database\BaseConnection->simpleQuery()
#3 /var/www/htdocs/asm/system/Database/BaseBuilder.php(2309): CodeIgniter\Database\BaseConnection->query()
#4 /var/www/htdocs/asm/app/Models/Create_Account_model.php(22): CodeIgniter\Database\BaseBuilder->insert()
#5 /var/www/htdocs/asm/app/Controllers/Create_Account.php(43): App\Models\Create_Account_model->create_account()
#6 /var/www/htdocs/asm/system/CodeIgniter.php(934): App\Controllers\Create_Account->create_account()
#7 /var/www/htdocs/asm/system/CodeIgniter.php(499): CodeIgniter\CodeIgniter->runController()
#8 /var/www/htdocs/asm/system/CodeIgniter.php(368): CodeIgniter\CodeIgniter->handleRequest()
#9 /var/www/htdocs/asm/public/index.php(67): CodeIgniter\CodeIgniter->run()
#10 {main}
CRITICAL - 2023-04-03 10:48:32 --> Unknown column 'sa1' in 'field list'
in SYSTEMPATH/Database/BaseConnection.php on line 645.
 1 SYSTEMPATH/Database/BaseBuilder.php(2309): CodeIgniter\Database\BaseConnection->query()
 2 APPPATH/Models/Create_Account_model.php(22): CodeIgniter\Database\BaseBuilder->insert()
 3 APPPATH/Controllers/Create_Account.php(43): App\Models\Create_Account_model->create_account()
 4 SYSTEMPATH/CodeIgniter.php(934): App\Controllers\Create_Account->create_account()
 5 SYSTEMPATH/CodeIgniter.php(499): CodeIgniter\CodeIgniter->runController()
 6 SYSTEMPATH/CodeIgniter.php(368): CodeIgniter\CodeIgniter->handleRequest()
 7 FCPATH/index.php(67): CodeIgniter\CodeIgniter->run()
ERROR - 2023-04-03 10:49:43 --> mysqli_sql_exception: Column 'security_question_1' cannot be null in /var/www/htdocs/asm/system/Database/MySQLi/Connection.php:295
Stack trace:
#0 /var/www/htdocs/asm/system/Database/MySQLi/Connection.php(295): mysqli->query()
#1 /var/www/htdocs/asm/system/Database/BaseConnection.php(691): CodeIgniter\Database\MySQLi\Connection->execute()
#2 /var/www/htdocs/asm/system/Database/BaseConnection.php(605): CodeIgniter\Database\BaseConnection->simpleQuery()
#3 /var/www/htdocs/asm/system/Database/BaseBuilder.php(2309): CodeIgniter\Database\BaseConnection->query()
#4 /var/www/htdocs/asm/app/Models/Create_Account_model.php(22): CodeIgniter\Database\BaseBuilder->insert()
#5 /var/www/htdocs/asm/app/Controllers/Create_Account.php(43): App\Models\Create_Account_model->create_account()
#6 /var/www/htdocs/asm/system/CodeIgniter.php(934): App\Controllers\Create_Account->create_account()
#7 /var/www/htdocs/asm/system/CodeIgniter.php(499): CodeIgniter\CodeIgniter->runController()
#8 /var/www/htdocs/asm/system/CodeIgniter.php(368): CodeIgniter\CodeIgniter->handleRequest()
#9 /var/www/htdocs/asm/public/index.php(67): CodeIgniter\CodeIgniter->run()
#10 {main}
CRITICAL - 2023-04-03 10:49:43 --> Column 'security_question_1' cannot be null
in SYSTEMPATH/Database/BaseConnection.php on line 645.
 1 SYSTEMPATH/Database/BaseBuilder.php(2309): CodeIgniter\Database\BaseConnection->query()
 2 APPPATH/Models/Create_Account_model.php(22): CodeIgniter\Database\BaseBuilder->insert()
 3 APPPATH/Controllers/Create_Account.php(43): App\Models\Create_Account_model->create_account()
 4 SYSTEMPATH/CodeIgniter.php(934): App\Controllers\Create_Account->create_account()
 5 SYSTEMPATH/CodeIgniter.php(499): CodeIgniter\CodeIgniter->runController()
 6 SYSTEMPATH/CodeIgniter.php(368): CodeIgniter\CodeIgniter->handleRequest()
 7 FCPATH/index.php(67): CodeIgniter\CodeIgniter->run()
ERROR - 2023-04-03 10:54:50 --> mysqli_sql_exception: Column 'security_question_1' cannot be null in /var/www/htdocs/asm/system/Database/MySQLi/Connection.php:295
Stack trace:
#0 /var/www/htdocs/asm/system/Database/MySQLi/Connection.php(295): mysqli->query()
#1 /var/www/htdocs/asm/system/Database/BaseConnection.php(691): CodeIgniter\Database\MySQLi\Connection->execute()
#2 /var/www/htdocs/asm/system/Database/BaseConnection.php(605): CodeIgniter\Database\BaseConnection->simpleQuery()
#3 /var/www/htdocs/asm/system/Database/BaseBuilder.php(2309): CodeIgniter\Database\BaseConnection->query()
#4 /var/www/htdocs/asm/app/Models/Create_Account_model.php(22): CodeIgniter\Database\BaseBuilder->insert()
#5 /var/www/htdocs/asm/app/Controllers/Create_Account.php(43): App\Models\Create_Account_model->create_account()
#6 /var/www/htdocs/asm/system/CodeIgniter.php(934): App\Controllers\Create_Account->create_account()
#7 /var/www/htdocs/asm/system/CodeIgniter.php(499): CodeIgniter\CodeIgniter->runController()
#8 /var/www/htdocs/asm/system/CodeIgniter.php(368): CodeIgniter\CodeIgniter->handleRequest()
#9 /var/www/htdocs/asm/public/index.php(67): CodeIgniter\CodeIgniter->run()
#10 {main}
CRITICAL - 2023-04-03 10:54:50 --> Column 'security_question_1' cannot be null
in SYSTEMPATH/Database/BaseConnection.php on line 645.
 1 SYSTEMPATH/Database/BaseBuilder.php(2309): CodeIgniter\Database\BaseConnection->query()
 2 APPPATH/Models/Create_Account_model.php(22): CodeIgniter\Database\BaseBuilder->insert()
 3 APPPATH/Controllers/Create_Account.php(43): App\Models\Create_Account_model->create_account()
 4 SYSTEMPATH/CodeIgniter.php(934): App\Controllers\Create_Account->create_account()
 5 SYSTEMPATH/CodeIgniter.php(499): CodeIgniter\CodeIgniter->runController()
 6 SYSTEMPATH/CodeIgniter.php(368): CodeIgniter\CodeIgniter->handleRequest()
 7 FCPATH/index.php(67): CodeIgniter\CodeIgniter->run()
CRITICAL - 2023-04-03 11:02:19 --> Undefined variable $sq1
in APPPATH/Controllers/Create_Account.php on line 43.
 1 APPPATH/Controllers/Create_Account.php(43): CodeIgniter\Debug\Exceptions->errorHandler()
 2 SYSTEMPATH/CodeIgniter.php(934): App\Controllers\Create_Account->create_account()
 3 SYSTEMPATH/CodeIgniter.php(499): CodeIgniter\CodeIgniter->runController()
 4 SYSTEMPATH/CodeIgniter.php(368): CodeIgniter\CodeIgniter->handleRequest()
 5 FCPATH/index.php(67): CodeIgniter\CodeIgniter->run()
ERROR - 2023-04-03 11:03:27 --> mysqli_sql_exception: Duplicate entry '0' for key 'users.PRIMARY' in /var/www/htdocs/asm/system/Database/MySQLi/Connection.php:295
Stack trace:
#0 /var/www/htdocs/asm/system/Database/MySQLi/Connection.php(295): mysqli->query()
#1 /var/www/htdocs/asm/system/Database/BaseConnection.php(691): CodeIgniter\Database\MySQLi\Connection->execute()
#2 /var/www/htdocs/asm/system/Database/BaseConnection.php(605): CodeIgniter\Database\BaseConnection->simpleQuery()
#3 /var/www/htdocs/asm/system/Database/BaseBuilder.php(2309): CodeIgniter\Database\BaseConnection->query()
#4 /var/www/htdocs/asm/app/Models/Create_Account_model.php(22): CodeIgniter\Database\BaseBuilder->insert()
#5 /var/www/htdocs/asm/app/Controllers/Create_Account.php(43): App\Models\Create_Account_model->create_account()
#6 /var/www/htdocs/asm/system/CodeIgniter.php(934): App\Controllers\Create_Account->create_account()
#7 /var/www/htdocs/asm/system/CodeIgniter.php(499): CodeIgniter\CodeIgniter->runController()
#8 /var/www/htdocs/asm/system/CodeIgniter.php(368): CodeIgniter\CodeIgniter->handleRequest()
#9 /var/www/htdocs/asm/public/index.php(67): CodeIgniter\CodeIgniter->run()
#10 {main}
CRITICAL - 2023-04-03 11:03:27 --> Duplicate entry '0' for key 'users.PRIMARY'
in SYSTEMPATH/Database/BaseConnection.php on line 645.
 1 SYSTEMPATH/Database/BaseBuilder.php(2309): CodeIgniter\Database\BaseConnection->query()
 2 APPPATH/Models/Create_Account_model.php(22): CodeIgniter\Database\BaseBuilder->insert()
 3 APPPATH/Controllers/Create_Account.php(43): App\Models\Create_Account_model->create_account()
 4 SYSTEMPATH/CodeIgniter.php(934): App\Controllers\Create_Account->create_account()
 5 SYSTEMPATH/CodeIgniter.php(499): CodeIgniter\CodeIgniter->runController()
 6 SYSTEMPATH/CodeIgniter.php(368): CodeIgniter\CodeIgniter->handleRequest()
 7 FCPATH/index.php(67): CodeIgniter\CodeIgniter->run()
CRITICAL - 2023-04-03 11:11:59 --> Undefined variable $builder
in APPPATH/Models/Create_Account_model.php on line 33.
 1 APPPATH/Models/Create_Account_model.php(33): CodeIgniter\Debug\Exceptions->errorHandler()
 2 APPPATH/Controllers/Create_Account.php(49): App\Models\Create_Account_model->create_account()
 3 SYSTEMPATH/CodeIgniter.php(934): App\Controllers\Create_Account->create_account()
 4 SYSTEMPATH/CodeIgniter.php(499): CodeIgniter\CodeIgniter->runController()
 5 SYSTEMPATH/CodeIgniter.php(368): CodeIgniter\CodeIgniter->handleRequest()
 6 FCPATH/index.php(67): CodeIgniter\CodeIgniter->run()
CRITICAL - 2023-04-03 11:12:47 --> Undefined variable $builder
in APPPATH/Models/Create_Account_model.php on line 33.
 1 APPPATH/Models/Create_Account_model.php(33): CodeIgniter\Debug\Exceptions->errorHandler()
 2 APPPATH/Controllers/Create_Account.php(49): App\Models\Create_Account_model->create_account()
 3 SYSTEMPATH/CodeIgniter.php(934): App\Controllers\Create_Account->create_account()
 4 SYSTEMPATH/CodeIgniter.php(499): CodeIgniter\CodeIgniter->runController()
 5 SYSTEMPATH/CodeIgniter.php(368): CodeIgniter\CodeIgniter->handleRequest()
 6 FCPATH/index.php(67): CodeIgniter\CodeIgniter->run()
CRITICAL - 2023-04-03 11:52:02 --> Undefined variable $error
in APPPATH/Views/create_account.php on line 35.
 1 APPPATH/Views/create_account.php(35): CodeIgniter\Debug\Exceptions->errorHandler()
 2 SYSTEMPATH/View/View.php(213): include('APPPATH/Views/create_account.php')
 3 SYSTEMPATH/View/View.php(216): CodeIgniter\View\View->CodeIgniter\View\{closure}()
 4 SYSTEMPATH/Common.php(1184): CodeIgniter\View\View->render()
 5 APPPATH/Controllers/Create_Account.php(13): view()
 6 SYSTEMPATH/CodeIgniter.php(934): App\Controllers\Create_Account->index()
 7 SYSTEMPATH/CodeIgniter.php(499): CodeIgniter\CodeIgniter->runController()
 8 SYSTEMPATH/CodeIgniter.php(368): CodeIgniter\CodeIgniter->handleRequest()
 9 FCPATH/index.php(67): CodeIgniter\CodeIgniter->run()
CRITICAL - 2023-04-03 11:52:06 --> Undefined variable $error
in APPPATH/Views/create_account.php on line 35.
 1 APPPATH/Views/create_account.php(35): CodeIgniter\Debug\Exceptions->errorHandler()
 2 SYSTEMPATH/View/View.php(213): include('APPPATH/Views/create_account.php')
 3 SYSTEMPATH/View/View.php(216): CodeIgniter\View\View->CodeIgniter\View\{closure}()
 4 SYSTEMPATH/Common.php(1184): CodeIgniter\View\View->render()
 5 APPPATH/Controllers/Create_Account.php(13): view()
 6 SYSTEMPATH/CodeIgniter.php(934): App\Controllers\Create_Account->index()
 7 SYSTEMPATH/CodeIgniter.php(499): CodeIgniter\CodeIgniter->runController()
 8 SYSTEMPATH/CodeIgniter.php(368): CodeIgniter\CodeIgniter->handleRequest()
 9 FCPATH/index.php(67): CodeIgniter\CodeIgniter->run()
CRITICAL - 2023-04-03 11:52:48 --> Undefined variable $error
in APPPATH/Views/create_account.php on line 36.
 1 APPPATH/Views/create_account.php(36): CodeIgniter\Debug\Exceptions->errorHandler()
 2 SYSTEMPATH/View/View.php(213): include('APPPATH/Views/create_account.php')
 3 SYSTEMPATH/View/View.php(216): CodeIgniter\View\View->CodeIgniter\View\{closure}()
 4 SYSTEMPATH/Common.php(1184): CodeIgniter\View\View->render()
 5 APPPATH/Controllers/Create_Account.php(13): view()
 6 SYSTEMPATH/CodeIgniter.php(934): App\Controllers\Create_Account->index()
 7 SYSTEMPATH/CodeIgniter.php(499): CodeIgniter\CodeIgniter->runController()
 8 SYSTEMPATH/CodeIgniter.php(368): CodeIgniter\CodeIgniter->handleRequest()
 9 FCPATH/index.php(67): CodeIgniter\CodeIgniter->run()
CRITICAL - 2023-04-03 11:57:40 --> Undefined variable $error
in APPPATH/Views/create_account.php on line 36.
 1 APPPATH/Views/create_account.php(36): CodeIgniter\Debug\Exceptions->errorHandler()
 2 SYSTEMPATH/View/View.php(213): include('APPPATH/Views/create_account.php')
 3 SYSTEMPATH/View/View.php(216): CodeIgniter\View\View->CodeIgniter\View\{closure}()
 4 SYSTEMPATH/Common.php(1184): CodeIgniter\View\View->render()
 5 APPPATH/Controllers/Create_Account.php(13): view()
 6 SYSTEMPATH/CodeIgniter.php(934): App\Controllers\Create_Account->index()
 7 SYSTEMPATH/CodeIgniter.php(499): CodeIgniter\CodeIgniter->runController()
 8 SYSTEMPATH/CodeIgniter.php(368): CodeIgniter\CodeIgniter->handleRequest()
 9 FCPATH/index.php(67): CodeIgniter\CodeIgniter->run()
CRITICAL - 2023-04-03 11:58:46 --> Undefined variable $error
in APPPATH/Views/create_account.php on line 36.
 1 APPPATH/Views/create_account.php(36): CodeIgniter\Debug\Exceptions->errorHandler()
 2 SYSTEMPATH/View/View.php(213): include('APPPATH/Views/create_account.php')
 3 SYSTEMPATH/View/View.php(216): CodeIgniter\View\View->CodeIgniter\View\{closure}()
 4 SYSTEMPATH/Common.php(1184): CodeIgniter\View\View->render()
 5 APPPATH/Controllers/Create_Account.php(13): view()
 6 SYSTEMPATH/CodeIgniter.php(934): App\Controllers\Create_Account->index()
 7 SYSTEMPATH/CodeIgniter.php(499): CodeIgniter\CodeIgniter->runController()
 8 SYSTEMPATH/CodeIgniter.php(368): CodeIgniter\CodeIgniter->handleRequest()
 9 FCPATH/index.php(67): CodeIgniter\CodeIgniter->run()
CRITICAL - 2023-04-03 11:58:47 --> Undefined variable $error
in APPPATH/Views/create_account.php on line 36.
 1 APPPATH/Views/create_account.php(36): CodeIgniter\Debug\Exceptions->errorHandler()
 2 SYSTEMPATH/View/View.php(213): include('APPPATH/Views/create_account.php')
 3 SYSTEMPATH/View/View.php(216): CodeIgniter\View\View->CodeIgniter\View\{closure}()
 4 SYSTEMPATH/Common.php(1184): CodeIgniter\View\View->render()
 5 APPPATH/Controllers/Create_Account.php(13): view()
 6 SYSTEMPATH/CodeIgniter.php(934): App\Controllers\Create_Account->index()
 7 SYSTEMPATH/CodeIgniter.php(499): CodeIgniter\CodeIgniter->runController()
 8 SYSTEMPATH/CodeIgniter.php(368): CodeIgniter\CodeIgniter->handleRequest()
 9 FCPATH/index.php(67): CodeIgniter\CodeIgniter->run()
CRITICAL - 2023-04-03 11:58:53 --> Undefined variable $error
in APPPATH/Views/create_account.php on line 36.
 1 APPPATH/Views/create_account.php(36): CodeIgniter\Debug\Exceptions->errorHandler()
 2 SYSTEMPATH/View/View.php(213): include('APPPATH/Views/create_account.php')
 3 SYSTEMPATH/View/View.php(216): CodeIgniter\View\View->CodeIgniter\View\{closure}()
 4 SYSTEMPATH/Common.php(1184): CodeIgniter\View\View->render()
 5 APPPATH/Controllers/Create_Account.php(13): view()
 6 SYSTEMPATH/CodeIgniter.php(934): App\Controllers\Create_Account->index()
 7 SYSTEMPATH/CodeIgniter.php(499): CodeIgniter\CodeIgniter->runController()
 8 SYSTEMPATH/CodeIgniter.php(368): CodeIgniter\CodeIgniter->handleRequest()
 9 FCPATH/index.php(67): CodeIgniter\CodeIgniter->run()
CRITICAL - 2023-04-03 11:58:54 --> Undefined variable $error
in APPPATH/Views/create_account.php on line 36.
 1 APPPATH/Views/create_account.php(36): CodeIgniter\Debug\Exceptions->errorHandler()
 2 SYSTEMPATH/View/View.php(213): include('APPPATH/Views/create_account.php')
 3 SYSTEMPATH/View/View.php(216): CodeIgniter\View\View->CodeIgniter\View\{closure}()
 4 SYSTEMPATH/Common.php(1184): CodeIgniter\View\View->render()
 5 APPPATH/Controllers/Create_Account.php(13): view()
 6 SYSTEMPATH/CodeIgniter.php(934): App\Controllers\Create_Account->index()
 7 SYSTEMPATH/CodeIgniter.php(499): CodeIgniter\CodeIgniter->runController()
 8 SYSTEMPATH/CodeIgniter.php(368): CodeIgniter\CodeIgniter->handleRequest()
 9 FCPATH/index.php(67): CodeIgniter\CodeIgniter->run()
CRITICAL - 2023-04-03 12:03:42 --> Undefined variable $check_exist
in APPPATH/Views/create_account.php on line 35.
 1 APPPATH/Views/create_account.php(35): CodeIgniter\Debug\Exceptions->errorHandler()
 2 SYSTEMPATH/View/View.php(213): include('APPPATH/Views/create_account.php')
 3 SYSTEMPATH/View/View.php(216): CodeIgniter\View\View->CodeIgniter\View\{closure}()
 4 SYSTEMPATH/Common.php(1184): CodeIgniter\View\View->render()
 5 APPPATH/Controllers/Create_Account.php(13): view()
 6 SYSTEMPATH/CodeIgniter.php(934): App\Controllers\Create_Account->index()
 7 SYSTEMPATH/CodeIgniter.php(499): CodeIgniter\CodeIgniter->runController()
 8 SYSTEMPATH/CodeIgniter.php(368): CodeIgniter\CodeIgniter->handleRequest()
 9 FCPATH/index.php(67): CodeIgniter\CodeIgniter->run()
CRITICAL - 2023-04-03 12:03:54 --> Undefined variable $check_exist
in APPPATH/Views/create_account.php on line 35.
 1 APPPATH/Views/create_account.php(35): CodeIgniter\Debug\Exceptions->errorHandler()
 2 SYSTEMPATH/View/View.php(213): include('APPPATH/Views/create_account.php')
 3 SYSTEMPATH/View/View.php(216): CodeIgniter\View\View->CodeIgniter\View\{closure}()
 4 SYSTEMPATH/Common.php(1184): CodeIgniter\View\View->render()
 5 APPPATH/Controllers/Create_Account.php(13): view()
 6 SYSTEMPATH/CodeIgniter.php(934): App\Controllers\Create_Account->index()
 7 SYSTEMPATH/CodeIgniter.php(499): CodeIgniter\CodeIgniter->runController()
 8 SYSTEMPATH/CodeIgniter.php(368): CodeIgniter\CodeIgniter->handleRequest()
 9 FCPATH/index.php(67): CodeIgniter\CodeIgniter->run()
CRITICAL - 2023-04-03 12:05:56 --> Undefined variable $check_exist
in APPPATH/Views/create_account.php on line 35.
 1 APPPATH/Views/create_account.php(35): CodeIgniter\Debug\Exceptions->errorHandler()
 2 SYSTEMPATH/View/View.php(213): include('APPPATH/Views/create_account.php')
 3 SYSTEMPATH/View/View.php(216): CodeIgniter\View\View->CodeIgniter\View\{closure}()
 4 SYSTEMPATH/Common.php(1184): CodeIgniter\View\View->render()
 5 APPPATH/Controllers/Create_Account.php(13): view()
 6 SYSTEMPATH/CodeIgniter.php(934): App\Controllers\Create_Account->index()
 7 SYSTEMPATH/CodeIgniter.php(499): CodeIgniter\CodeIgniter->runController()
 8 SYSTEMPATH/CodeIgniter.php(368): CodeIgniter\CodeIgniter->handleRequest()
 9 FCPATH/index.php(67): CodeIgniter\CodeIgniter->run()
CRITICAL - 2023-04-03 12:05:58 --> Undefined variable $check_exist
in APPPATH/Views/create_account.php on line 35.
 1 APPPATH/Views/create_account.php(35): CodeIgniter\Debug\Exceptions->errorHandler()
 2 SYSTEMPATH/View/View.php(213): include('APPPATH/Views/create_account.php')
 3 SYSTEMPATH/View/View.php(216): CodeIgniter\View\View->CodeIgniter\View\{closure}()
 4 SYSTEMPATH/Common.php(1184): CodeIgniter\View\View->render()
 5 APPPATH/Controllers/Create_Account.php(13): view()
 6 SYSTEMPATH/CodeIgniter.php(934): App\Controllers\Create_Account->index()
 7 SYSTEMPATH/CodeIgniter.php(499): CodeIgniter\CodeIgniter->runController()
 8 SYSTEMPATH/CodeIgniter.php(368): CodeIgniter\CodeIgniter->handleRequest()
 9 FCPATH/index.php(67): CodeIgniter\CodeIgniter->run()
CRITICAL - 2023-04-03 12:07:02 --> Undefined variable $check_exist
in APPPATH/Views/create_account.php on line 36.
 1 APPPATH/Views/create_account.php(36): CodeIgniter\Debug\Exceptions->errorHandler()
 2 SYSTEMPATH/View/View.php(213): include('APPPATH/Views/create_account.php')
 3 SYSTEMPATH/View/View.php(216): CodeIgniter\View\View->CodeIgniter\View\{closure}()
 4 SYSTEMPATH/Common.php(1184): CodeIgniter\View\View->render()
 5 APPPATH/Controllers/Create_Account.php(13): view()
 6 SYSTEMPATH/CodeIgniter.php(934): App\Controllers\Create_Account->index()
 7 SYSTEMPATH/CodeIgniter.php(499): CodeIgniter\CodeIgniter->runController()
 8 SYSTEMPATH/CodeIgniter.php(368): CodeIgniter\CodeIgniter->handleRequest()
 9 FCPATH/index.php(67): CodeIgniter\CodeIgniter->run()
CRITICAL - 2023-04-03 12:07:03 --> Undefined variable $check_exist
in APPPATH/Views/create_account.php on line 36.
 1 APPPATH/Views/create_account.php(36): CodeIgniter\Debug\Exceptions->errorHandler()
 2 SYSTEMPATH/View/View.php(213): include('APPPATH/Views/create_account.php')
 3 SYSTEMPATH/View/View.php(216): CodeIgniter\View\View->CodeIgniter\View\{closure}()
 4 SYSTEMPATH/Common.php(1184): CodeIgniter\View\View->render()
 5 APPPATH/Controllers/Create_Account.php(13): view()
 6 SYSTEMPATH/CodeIgniter.php(934): App\Controllers\Create_Account->index()
 7 SYSTEMPATH/CodeIgniter.php(499): CodeIgniter\CodeIgniter->runController()
 8 SYSTEMPATH/CodeIgniter.php(368): CodeIgniter\CodeIgniter->handleRequest()
 9 FCPATH/index.php(67): CodeIgniter\CodeIgniter->run()
CRITICAL - 2023-04-03 12:14:06 --> Undefined variable $check_exist
in APPPATH/Views/create_account.php on line 36.
 1 APPPATH/Views/create_account.php(36): CodeIgniter\Debug\Exceptions->errorHandler()
 2 SYSTEMPATH/View/View.php(213): include('APPPATH/Views/create_account.php')
 3 SYSTEMPATH/View/View.php(216): CodeIgniter\View\View->CodeIgniter\View\{closure}()
 4 SYSTEMPATH/Common.php(1184): CodeIgniter\View\View->render()
 5 APPPATH/Controllers/Create_Account.php(13): view()
 6 SYSTEMPATH/CodeIgniter.php(934): App\Controllers\Create_Account->index()
 7 SYSTEMPATH/CodeIgniter.php(499): CodeIgniter\CodeIgniter->runController()
 8 SYSTEMPATH/CodeIgniter.php(368): CodeIgniter\CodeIgniter->handleRequest()
 9 FCPATH/index.php(67): CodeIgniter\CodeIgniter->run()
CRITICAL - 2023-04-03 12:14:51 --> Undefined property: App\Controllers\Create_Account::$load
in APPPATH/Controllers/Create_Account.php on line 40.
 1 APPPATH/Controllers/Create_Account.php(40): CodeIgniter\Debug\Exceptions->errorHandler()
 2 SYSTEMPATH/CodeIgniter.php(934): App\Controllers\Create_Account->create_account()
 3 SYSTEMPATH/CodeIgniter.php(499): CodeIgniter\CodeIgniter->runController()
 4 SYSTEMPATH/CodeIgniter.php(368): CodeIgniter\CodeIgniter->handleRequest()
 5 FCPATH/index.php(67): CodeIgniter\CodeIgniter->run()
